<?xml version="1.0" encoding="UTF-8"?>
<testsuites name="Recruitment Suite" time="102.988" tests="3" failures="0" errors="0">
   <testsuite name="Recruitment Suite" tests="3" failures="0" errors="0" time="102.988" skipped="0" timestamp="2023-03-03 11:11:52" hostname="PC - host.docker.internal" id="Test Suites/Recruitment Suite">
      <properties>
         <property name="deviceName" value=""/>
         <property name="devicePlatform" value=""/>
         <property name="logFolder" value="C:\\Users\\PC\\Desktop\\Katalon Projects\\Orange Web Test Automation\\Reports\\20230303_111145\\Recruitment Suite\\20230303_111145"/>
         <property name="logFiles" value="C:\\Users\\PC\\Desktop\\Katalon Projects\\Orange Web Test Automation\\Reports\\20230303_111145\\Recruitment Suite\\20230303_111145\\execution0.log"/>
         <property name="attachments" value=""/>
         <property name="hostName" value="PC - host.docker.internal"/>
         <property name="os" value="Windows 10 64bit"/>
         <property name="katalonVersion" value="8.5.5.208"/>
         <property name="browser" value="Chrome 110.0.0.0"/>
         <property name="hostAddress" value="192.168.0.23"/>
         <property name="sessionId" value="06152d438091f8a6590fe6cd69267682"/>
         <property name="seleniumVersion" value="3.141.59"/>
         <property name="proxyInformation" value="ProxyInformation { proxyOption=NO_PROXY, proxyServerType=HTTP, username=, password=********, proxyServerAddress=, proxyServerPort=0, executionList=&quot;&quot;, isApplyToDesiredCapabilities=true }"/>
         <property name="platform" value="Windows 10"/>
      </properties>
      <testcase name="Test Cases/Recruitment page/Candidates/Add Candidate" time="41.237" classname="Test Cases/Recruitment page/Candidates/Add Candidate" status="PASSED">
         <system-out><![CDATA[2023-03-03 11:11:52 - [TEST_CASE][PASSED] - Test Cases/Recruitment page/Candidates/Add Candidate: Test Cases/Recruitment page/Candidates/Add Candidate

2023-03-03 11:11:52 - [TEST_STEP][PASSED] - Start listener action : sampleBeforeTestCase: Current window maximized

2023-03-03 11:11:52 - [TEST_STEP][PASSED] - println(testCaseContext.getTestCaseId()): null

2023-03-03 11:11:52 - [TEST_STEP][PASSED] - println(testCaseContext.getTestCaseVariables()): null

2023-03-03 11:11:52 - [TEST_STEP][PASSED] - openBrowser(baseURL): Browser is opened with url: 'https://opensource-demo.orangehrmlive.com/web/index.php/auth/login'

2023-03-03 11:11:53 - [MESSAGE][INFO] - Starting 'Chrome' driver

2023-03-03 11:11:53 - [MESSAGE][INFO] - Action delay is set to 1,000 milliseconds

2023-03-03 11:11:57 - [MESSAGE][PASSED] - Browser is opened with url: 'https://opensource-demo.orangehrmlive.com/web/index.php/auth/login'

2023-03-03 11:11:57 - [TEST_STEP][PASSED] - maximizeWindow(): Current window maximized

2023-03-03 11:11:57 - [MESSAGE][PASSED] - Current window maximized

2023-03-03 11:11:57 - [TEST_STEP][PASSED] - Start setup action : setupTestCase: Method 'setupTestCase' complete successfully

2023-03-03 11:11:58 - [TEST_STEP][PASSED] - orange.keywords.userLogin(findTestObject("Login Page/textbox_Username"), username, findTestObject("Login Page/textbox_Password"), password, findTestObject("Login Page/button_Login")): orange.keywords.userLogin is PASSED

2023-03-03 11:12:03 - [MESSAGE][PASSED] - orange.keywords.userLogin is PASSED

2023-03-03 11:12:03 - [MESSAGE][PASSED] - Method 'setupTestCase' complete successfully

2023-03-03 11:12:03 - [TEST_STEP][PASSED] - click(findTestObject("Navigation Sidebar/a_Recruitment")): Object: 'Object Repository/Navigation Sidebar/a_Recruitment' is clicked on

2023-03-03 11:12:06 - [MESSAGE][PASSED] - Object: 'Object Repository/Navigation Sidebar/a_Recruitment' is clicked on

2023-03-03 11:12:06 - [TEST_STEP][PASSED] - waitForElementPresent(findTestObject("Recruitment Page/Vacancies/button_Add"), 10): Object 'Object Repository/Recruitment Page/Vacancies/button_Add' is present

2023-03-03 11:12:08 - [MESSAGE][PASSED] - Object 'Object Repository/Recruitment Page/Vacancies/button_Add' is present

2023-03-03 11:12:08 - [TEST_STEP][PASSED] - click(findTestObject("Admin Page/Nationalities/button_Add")): Object: 'Object Repository/Admin Page/Nationalities/button_Add' is clicked on

2023-03-03 11:12:10 - [MESSAGE][PASSED] - Object: 'Object Repository/Admin Page/Nationalities/button_Add' is clicked on

2023-03-03 11:12:10 - [TEST_STEP][PASSED] - sendKeys(findTestObject("Recruitment Page/Vacancies/texbox_firstName"), "Nigel"): Keys 'Nigel' sent to object: 'Object Repository/Recruitment Page/Vacancies/texbox_firstName'

2023-03-03 11:12:13 - [MESSAGE][PASSED] - Keys 'Nigel' sent to object: 'Object Repository/Recruitment Page/Vacancies/texbox_firstName'

2023-03-03 11:12:13 - [TEST_STEP][PASSED] - sendKeys(findTestObject("Recruitment Page/Vacancies/texbox_middleName"), "Five"): Keys 'Five' sent to object: 'Object Repository/Recruitment Page/Vacancies/texbox_middleName'

2023-03-03 11:12:14 - [MESSAGE][PASSED] - Keys 'Five' sent to object: 'Object Repository/Recruitment Page/Vacancies/texbox_middleName'

2023-03-03 11:12:14 - [TEST_STEP][PASSED] - sendKeys(findTestObject("Recruitment Page/Vacancies/texbox_lastName"), "DeJong-Automation"): Keys 'DeJong-Automation' sent to object: 'Object Repository/Recruitment Page/Vacancies/texbox_lastName'

2023-03-03 11:12:16 - [MESSAGE][PASSED] - Keys 'DeJong-Automation' sent to object: 'Object Repository/Recruitment Page/Vacancies/texbox_lastName'

2023-03-03 11:12:16 - [TEST_STEP][PASSED] - click(findTestObject("Recruitment Page/Vacancies/dropdown_Vacancy")): Object: 'Object Repository/Recruitment Page/Vacancies/dropdown_Vacancy' is clicked on

2023-03-03 11:12:17 - [MESSAGE][PASSED] - Object: 'Object Repository/Recruitment Page/Vacancies/dropdown_Vacancy' is clicked on

2023-03-03 11:12:17 - [TEST_STEP][PASSED] - waitForElementPresent(findTestObject("Recruitment Page/Vacancies/dropdown_table"), 10): Object 'Object Repository/Recruitment Page/Vacancies/dropdown_table' is present

2023-03-03 11:12:18 - [MESSAGE][PASSED] - Object 'Object Repository/Recruitment Page/Vacancies/dropdown_table' is present

2023-03-03 11:12:18 - [TEST_STEP][PASSED] - waitForElementClickable(findTestObject("Recruitment Page/Vacancies/dropdown_Vacancy_option"), 10): Object 'Object Repository/Recruitment Page/Vacancies/dropdown_Vacancy_option' is clickable

2023-03-03 11:12:18 - [MESSAGE][PASSED] - Object 'Object Repository/Recruitment Page/Vacancies/dropdown_Vacancy_option' is clickable

2023-03-03 11:12:18 - [TEST_STEP][PASSED] - click(findTestObject("Recruitment Page/Vacancies/option_Sales_Representative")): Object: 'Object Repository/Recruitment Page/Vacancies/option_Sales_Representative' is clicked on

2023-03-03 11:12:20 - [MESSAGE][PASSED] - Object: 'Object Repository/Recruitment Page/Vacancies/option_Sales_Representative' is clicked on

2023-03-03 11:12:20 - [TEST_STEP][PASSED] - sendKeys(findTestObject("Recruitment Page/Vacancies/texbox_Email"), "nigel@automation.com"): Keys 'nigel@automation.com' sent to object: 'Object Repository/Recruitment Page/Vacancies/texbox_Email'

2023-03-03 11:12:21 - [MESSAGE][PASSED] - Keys 'nigel@automation.com' sent to object: 'Object Repository/Recruitment Page/Vacancies/texbox_Email'

2023-03-03 11:12:21 - [TEST_STEP][PASSED] - sendKeys(findTestObject("Recruitment Page/Vacancies/textbox_Contact_Number"), "555444333"): Keys '555444333' sent to object: 'Object Repository/Recruitment Page/Vacancies/textbox_Contact_Number'

2023-03-03 11:12:23 - [MESSAGE][PASSED] - Keys '555444333' sent to object: 'Object Repository/Recruitment Page/Vacancies/textbox_Contact_Number'

2023-03-03 11:12:23 - [TEST_STEP][PASSED] - sendKeys(findTestObject("Recruitment Page/Vacancies/textbox_Keywords"), "static, dynamic, nice"): Keys 'static, dynamic, nice' sent to object: 'Object Repository/Recruitment Page/Vacancies/textbox_Keywords'

2023-03-03 11:12:25 - [MESSAGE][PASSED] - Keys 'static, dynamic, nice' sent to object: 'Object Repository/Recruitment Page/Vacancies/textbox_Keywords'

2023-03-03 11:12:25 - [TEST_STEP][PASSED] - sendKeys(findTestObject("Recruitment Page/Vacancies/textbox_Date _of_Application"), Keys.chord(CONTROL, "a")): Keys 'CONTROL + a' sent to object: 'Object Repository/Recruitment Page/Vacancies/textbox_Date _of_Application'

2023-03-03 11:12:26 - [MESSAGE][PASSED] - Keys 'CONTROL + a' sent to object: 'Object Repository/Recruitment Page/Vacancies/textbox_Date _of_Application'

2023-03-03 11:12:26 - [TEST_STEP][PASSED] - sendKeys(findTestObject("Recruitment Page/Vacancies/textbox_Date _of_Application"), "2022-10-10"): Keys '2022-10-10' sent to object: 'Object Repository/Recruitment Page/Vacancies/textbox_Date _of_Application'

2023-03-03 11:12:27 - [MESSAGE][PASSED] - Keys '2022-10-10' sent to object: 'Object Repository/Recruitment Page/Vacancies/textbox_Date _of_Application'

2023-03-03 11:12:27 - [TEST_STEP][PASSED] - sendKeys(findTestObject("Recruitment Page/Vacancies/textbox__Notes"), "Application notes"): Keys 'Application notes' sent to object: 'Object Repository/Recruitment Page/Vacancies/textbox__Notes'

2023-03-03 11:12:29 - [MESSAGE][PASSED] - Keys 'Application notes' sent to object: 'Object Repository/Recruitment Page/Vacancies/textbox__Notes'

2023-03-03 11:12:29 - [TEST_STEP][PASSED] - click(findTestObject("Recruitment Page/Vacancies/checkbox_Consent")): Object: 'Object Repository/Recruitment Page/Vacancies/checkbox_Consent' is clicked on

2023-03-03 11:12:30 - [MESSAGE][PASSED] - Object: 'Object Repository/Recruitment Page/Vacancies/checkbox_Consent' is clicked on

2023-03-03 11:12:30 - [TEST_STEP][PASSED] - click(findTestObject("Admin Page/Nationalities/button_Save")): Object: 'Object Repository/Admin Page/Nationalities/button_Save' is clicked on

2023-03-03 11:12:32 - [MESSAGE][PASSED] - Object: 'Object Repository/Admin Page/Nationalities/button_Save' is clicked on

2023-03-03 11:12:32 - [TEST_STEP][PASSED] - waitForElementPresent(findTestObject("Confirmation messages/message_SuccessSuccessfullySaved"), 10): Object 'Object Repository/Confirmation messages/message_SuccessSuccessfullySaved' is present

2023-03-03 11:12:33 - [MESSAGE][PASSED] - Object 'Object Repository/Confirmation messages/message_SuccessSuccessfullySaved' is present

2023-03-03 11:12:33 - [TEST_STEP][PASSED] - verifyElementPresent(findTestObject("Confirmation messages/message_SuccessSuccessfullySaved"), 10): Object 'Object Repository/Confirmation messages/message_SuccessSuccessfullySaved' is present

2023-03-03 11:12:33 - [MESSAGE][PASSED] - Object 'Object Repository/Confirmation messages/message_SuccessSuccessfullySaved' is present

2023-03-03 11:12:33 - [TEST_STEP][ERROR] - Start listener action : sampleAfterTestCase: groovy.lang.MissingPropertyException: No such property: printtestCaseContext for class: TestListener
	at TestListener.sampleAfterTestCase(TestListener.groovy:45)
	at TestListener.invokeMethod(TestListener.groovy)
	at com.kms.katalon.core.context.internal.TestHooker.invokeMethod(TestHooker.java:111)
	at com.kms.katalon.core.context.internal.TestHooker.lambda$3(TestHooker.java:95)
	at com.kms.katalon.core.context.internal.TestHooker.invokeContextMethods(TestHooker.java:94)
	at com.kms.katalon.core.context.internal.TestListenerCollector.lambda$3(TestListenerCollector.java:88)
	at com.kms.katalon.core.context.internal.TestListenerCollector.handleListenerEvent(TestListenerCollector.java:85)
	at com.kms.katalon.core.context.internal.ExecutionEventManager.publicEvent(ExecutionEventManager.java:36)
	at com.kms.katalon.core.main.TestCaseExecutor.execute(TestCaseExecutor.java:315)
	at com.kms.katalon.core.common.CommonExecutor.accessTestCaseMainPhase(CommonExecutor.java:65)
	at com.kms.katalon.core.main.TestSuiteExecutor.accessTestSuiteMainPhase(TestSuiteExecutor.java:151)
	at com.kms.katalon.core.main.TestSuiteExecutor.execute(TestSuiteExecutor.java:106)
	at com.kms.katalon.core.main.TestCaseMain.startTestSuite(TestCaseMain.java:185)
	at com.kms.katalon.core.main.TestCaseMain$startTestSuite$0.call(Unknown Source)
	at TempTestSuite1677838305090.run(TempTestSuite1677838305090.groovy:36)


2023-03-03 11:12:33 - [TEST_STEP][PASSED] - println(testCaseContext.getTestCaseId() + " - "): null

2023-03-03 11:12:33 - [TEST_STEP][ERROR] - println(printtestCaseContext.getTestCaseStatus()): groovy.lang.MissingPropertyException: No such property: printtestCaseContext for class: TestListener
	at TestListener.sampleAfterTestCase(TestListener.groovy:45)
	at TestListener.invokeMethod(TestListener.groovy)
	at com.kms.katalon.core.context.internal.TestHooker.invokeMethod(TestHooker.java:111)
	at com.kms.katalon.core.context.internal.TestHooker.lambda$3(TestHooker.java:95)
	at com.kms.katalon.core.context.internal.TestHooker.invokeContextMethods(TestHooker.java:94)
	at com.kms.katalon.core.context.internal.TestListenerCollector.lambda$3(TestListenerCollector.java:88)
	at com.kms.katalon.core.context.internal.TestListenerCollector.handleListenerEvent(TestListenerCollector.java:85)
	at com.kms.katalon.core.context.internal.ExecutionEventManager.publicEvent(ExecutionEventManager.java:36)
	at com.kms.katalon.core.main.TestCaseExecutor.execute(TestCaseExecutor.java:315)
	at com.kms.katalon.core.common.CommonExecutor.accessTestCaseMainPhase(CommonExecutor.java:65)
	at com.kms.katalon.core.main.TestSuiteExecutor.accessTestSuiteMainPhase(TestSuiteExecutor.java:151)
	at com.kms.katalon.core.main.TestSuiteExecutor.execute(TestSuiteExecutor.java:106)
	at com.kms.katalon.core.main.TestCaseMain.startTestSuite(TestCaseMain.java:185)
	at com.kms.katalon.core.main.TestCaseMain$startTestSuite$0.call(Unknown Source)
	at TempTestSuite1677838305090.run(TempTestSuite1677838305090.groovy:36)


2023-03-03 11:12:33 - [MESSAGE][ERROR] - groovy.lang.MissingPropertyException: No such property: printtestCaseContext for class: TestListener
	at TestListener.sampleAfterTestCase(TestListener.groovy:45)
	at TestListener.invokeMethod(TestListener.groovy)
	at com.kms.katalon.core.context.internal.TestHooker.invokeMethod(TestHooker.java:111)
	at com.kms.katalon.core.context.internal.TestHooker.lambda$3(TestHooker.java:95)
	at com.kms.katalon.core.context.internal.TestHooker.invokeContextMethods(TestHooker.java:94)
	at com.kms.katalon.core.context.internal.TestListenerCollector.lambda$3(TestListenerCollector.java:88)
	at com.kms.katalon.core.context.internal.TestListenerCollector.handleListenerEvent(TestListenerCollector.java:85)
	at com.kms.katalon.core.context.internal.ExecutionEventManager.publicEvent(ExecutionEventManager.java:36)
	at com.kms.katalon.core.main.TestCaseExecutor.execute(TestCaseExecutor.java:315)
	at com.kms.katalon.core.common.CommonExecutor.accessTestCaseMainPhase(CommonExecutor.java:65)
	at com.kms.katalon.core.main.TestSuiteExecutor.accessTestSuiteMainPhase(TestSuiteExecutor.java:151)
	at com.kms.katalon.core.main.TestSuiteExecutor.execute(TestSuiteExecutor.java:106)
	at com.kms.katalon.core.main.TestCaseMain.startTestSuite(TestCaseMain.java:185)
	at com.kms.katalon.core.main.TestCaseMain$startTestSuite$0.call(Unknown Source)
	at TempTestSuite1677838305090.run(TempTestSuite1677838305090.groovy:36)]]></system-out>
         <system-err><![CDATA[]]></system-err>
      </testcase>
      <testcase name="Test Cases/Recruitment page/Candidates/Edit Candidate" time="42.459" classname="Test Cases/Recruitment page/Candidates/Edit Candidate" status="PASSED">
         <system-out><![CDATA[2023-03-03 11:12:33 - [TEST_CASE][PASSED] - Test Cases/Recruitment page/Candidates/Edit Candidate: Test Cases/Recruitment page/Candidates/Edit Candidate

2023-03-03 11:12:33 - [TEST_STEP][PASSED] - Start listener action : sampleBeforeTestCase: Current window maximized

2023-03-03 11:12:33 - [TEST_STEP][PASSED] - println(testCaseContext.getTestCaseId()): null

2023-03-03 11:12:33 - [TEST_STEP][PASSED] - println(testCaseContext.getTestCaseVariables()): null

2023-03-03 11:12:33 - [TEST_STEP][PASSED] - openBrowser(baseURL): Browser is opened with url: 'https://opensource-demo.orangehrmlive.com/web/index.php/auth/login'

2023-03-03 11:12:33 - [MESSAGE][WARNING] - A browser is already opened. Closing browser and opening a new one

2023-03-03 11:12:34 - [MESSAGE][INFO] - Starting 'Chrome' driver

2023-03-03 11:12:34 - [MESSAGE][INFO] - Action delay is set to 1,000 milliseconds

2023-03-03 11:12:37 - [MESSAGE][PASSED] - Browser is opened with url: 'https://opensource-demo.orangehrmlive.com/web/index.php/auth/login'

2023-03-03 11:12:37 - [TEST_STEP][PASSED] - maximizeWindow(): Current window maximized

2023-03-03 11:12:38 - [MESSAGE][PASSED] - Current window maximized

2023-03-03 11:12:38 - [TEST_STEP][PASSED] - Start setup action : setupTestCase: Method 'setupTestCase' complete successfully

2023-03-03 11:12:38 - [TEST_STEP][PASSED] - orange.keywords.userLogin(findTestObject("Login Page/textbox_Username"), username, findTestObject("Login Page/textbox_Password"), password, findTestObject("Login Page/button_Login")): orange.keywords.userLogin is PASSED

2023-03-03 11:12:43 - [MESSAGE][PASSED] - orange.keywords.userLogin is PASSED

2023-03-03 11:12:43 - [MESSAGE][PASSED] - Method 'setupTestCase' complete successfully

2023-03-03 11:12:43 - [TEST_STEP][PASSED] - click(findTestObject("Navigation Sidebar/a_Recruitment")): Object: 'Object Repository/Navigation Sidebar/a_Recruitment' is clicked on

2023-03-03 11:12:46 - [MESSAGE][PASSED] - Object: 'Object Repository/Navigation Sidebar/a_Recruitment' is clicked on

2023-03-03 11:12:46 - [TEST_STEP][PASSED] - waitForElementPresent(findTestObject("Recruitment Page/Vacancies/button_Add"), 10): Object 'Object Repository/Recruitment Page/Vacancies/button_Add' is present

2023-03-03 11:12:48 - [MESSAGE][PASSED] - Object 'Object Repository/Recruitment Page/Vacancies/button_Add' is present

2023-03-03 11:12:48 - [TEST_STEP][PASSED] - click(findTestObject("Recruitment Page/Vacancies/button_View_application")): Object: 'Object Repository/Recruitment Page/Vacancies/button_View_application' is clicked on

2023-03-03 11:12:50 - [MESSAGE][PASSED] - Object: 'Object Repository/Recruitment Page/Vacancies/button_View_application' is clicked on

2023-03-03 11:12:50 - [TEST_STEP][PASSED] - click(findTestObject("Recruitment Page/Vacancies/toggle_Edit")): Object: 'Object Repository/Recruitment Page/Vacancies/toggle_Edit' is clicked on

2023-03-03 11:12:52 - [MESSAGE][PASSED] - Object: 'Object Repository/Recruitment Page/Vacancies/toggle_Edit' is clicked on

2023-03-03 11:12:52 - [TEST_STEP][PASSED] - click(findTestObject("Recruitment Page/Vacancies/dropdown_Vacancy")): Object: 'Object Repository/Recruitment Page/Vacancies/dropdown_Vacancy' is clicked on

2023-03-03 11:12:54 - [MESSAGE][PASSED] - Object: 'Object Repository/Recruitment Page/Vacancies/dropdown_Vacancy' is clicked on

2023-03-03 11:12:54 - [TEST_STEP][PASSED] - waitForElementPresent(findTestObject("Recruitment Page/Vacancies/dropdown_table"), 10): Object 'Object Repository/Recruitment Page/Vacancies/dropdown_table' is present

2023-03-03 11:12:54 - [MESSAGE][PASSED] - Object 'Object Repository/Recruitment Page/Vacancies/dropdown_table' is present

2023-03-03 11:12:54 - [TEST_STEP][PASSED] - waitForElementClickable(findTestObject("Recruitment Page/Vacancies/dropdown_Vacancy_option"), 10): Object 'Object Repository/Recruitment Page/Vacancies/dropdown_Vacancy_option' is clickable

2023-03-03 11:12:55 - [MESSAGE][PASSED] - Object 'Object Repository/Recruitment Page/Vacancies/dropdown_Vacancy_option' is clickable

2023-03-03 11:12:55 - [TEST_STEP][PASSED] - click(findTestObject("Recruitment Page/Vacancies/option_Payroll_Administrator")): Object: 'Object Repository/Recruitment Page/Vacancies/option_Payroll_Administrator' is clicked on

2023-03-03 11:12:56 - [MESSAGE][PASSED] - Object: 'Object Repository/Recruitment Page/Vacancies/option_Payroll_Administrator' is clicked on

2023-03-03 11:12:56 - [TEST_STEP][PASSED] - sendKeys(findTestObject("Recruitment Page/Vacancies/texbox_Email"), Keys.chord(CONTROL, "a")): Keys 'CONTROL + a' sent to object: 'Object Repository/Recruitment Page/Vacancies/texbox_Email'

2023-03-03 11:12:58 - [MESSAGE][PASSED] - Keys 'CONTROL + a' sent to object: 'Object Repository/Recruitment Page/Vacancies/texbox_Email'

2023-03-03 11:12:58 - [TEST_STEP][PASSED] - sendKeys(findTestObject("Recruitment Page/Vacancies/texbox_Email_selected"), "miguel@automation.com"): Keys 'miguel@automation.com' sent to object: 'Object Repository/Recruitment Page/Vacancies/texbox_Email_selected'

2023-03-03 11:12:59 - [MESSAGE][PASSED] - Keys 'miguel@automation.com' sent to object: 'Object Repository/Recruitment Page/Vacancies/texbox_Email_selected'

2023-03-03 11:12:59 - [TEST_STEP][PASSED] - sendKeys(findTestObject("Recruitment Page/Vacancies/textbox_Contact_Number"), Keys.chord(CONTROL, "a")): Keys 'CONTROL + a' sent to object: 'Object Repository/Recruitment Page/Vacancies/textbox_Contact_Number'

2023-03-03 11:13:01 - [MESSAGE][PASSED] - Keys 'CONTROL + a' sent to object: 'Object Repository/Recruitment Page/Vacancies/textbox_Contact_Number'

2023-03-03 11:13:01 - [TEST_STEP][PASSED] - sendKeys(findTestObject("Recruitment Page/Vacancies/textbox_Contact_Number_selected"), "777888999"): Keys '777888999' sent to object: 'Object Repository/Recruitment Page/Vacancies/textbox_Contact_Number_selected'

2023-03-03 11:13:02 - [MESSAGE][PASSED] - Keys '777888999' sent to object: 'Object Repository/Recruitment Page/Vacancies/textbox_Contact_Number_selected'

2023-03-03 11:13:02 - [TEST_STEP][PASSED] - sendKeys(findTestObject("Recruitment Page/Vacancies/textbox_Keywords"), Keys.chord(CONTROL, "a")): Keys 'CONTROL + a' sent to object: 'Object Repository/Recruitment Page/Vacancies/textbox_Keywords'

2023-03-03 11:13:04 - [MESSAGE][PASSED] - Keys 'CONTROL + a' sent to object: 'Object Repository/Recruitment Page/Vacancies/textbox_Keywords'

2023-03-03 11:13:04 - [TEST_STEP][PASSED] - sendKeys(findTestObject("Recruitment Page/Vacancies/textbox_Keywords_selected"), "Awful, Comprehensive, Diligent"): Keys 'Awful, Comprehensive, Diligent' sent to object: 'Object Repository/Recruitment Page/Vacancies/textbox_Keywords_selected'

2023-03-03 11:13:05 - [MESSAGE][PASSED] - Keys 'Awful, Comprehensive, Diligent' sent to object: 'Object Repository/Recruitment Page/Vacancies/textbox_Keywords_selected'

2023-03-03 11:13:05 - [TEST_STEP][PASSED] - sendKeys(findTestObject("Recruitment Page/Vacancies/textbox_Date _of_Application"), Keys.chord(CONTROL, "a")): Keys 'CONTROL + a' sent to object: 'Object Repository/Recruitment Page/Vacancies/textbox_Date _of_Application'

2023-03-03 11:13:07 - [MESSAGE][PASSED] - Keys 'CONTROL + a' sent to object: 'Object Repository/Recruitment Page/Vacancies/textbox_Date _of_Application'

2023-03-03 11:13:07 - [TEST_STEP][PASSED] - sendKeys(findTestObject("Recruitment Page/Vacancies/textbox_Date_of_Application_selected"), "2021-09-25"): Keys '2021-09-25' sent to object: 'Object Repository/Recruitment Page/Vacancies/textbox_Date_of_Application_selected'

2023-03-03 11:13:08 - [MESSAGE][PASSED] - Keys '2021-09-25' sent to object: 'Object Repository/Recruitment Page/Vacancies/textbox_Date_of_Application_selected'

2023-03-03 11:13:08 - [TEST_STEP][PASSED] - sendKeys(findTestObject("Recruitment Page/Vacancies/textbox__Notes"), "Application notes-Edted"): Keys 'Application notes-Edted' sent to object: 'Object Repository/Recruitment Page/Vacancies/textbox__Notes'

2023-03-03 11:13:10 - [MESSAGE][PASSED] - Keys 'Application notes-Edted' sent to object: 'Object Repository/Recruitment Page/Vacancies/textbox__Notes'

2023-03-03 11:13:10 - [TEST_STEP][PASSED] - click(findTestObject("Recruitment Page/Vacancies/checkbox_Consent")): Object: 'Object Repository/Recruitment Page/Vacancies/checkbox_Consent' is clicked on

2023-03-03 11:13:11 - [MESSAGE][PASSED] - Object: 'Object Repository/Recruitment Page/Vacancies/checkbox_Consent' is clicked on

2023-03-03 11:13:11 - [TEST_STEP][PASSED] - click(findTestObject("Recruitment Page/Vacancies/button_Save")): Object: 'Object Repository/Recruitment Page/Vacancies/button_Save' is clicked on

2023-03-03 11:13:13 - [MESSAGE][PASSED] - Object: 'Object Repository/Recruitment Page/Vacancies/button_Save' is clicked on

2023-03-03 11:13:13 - [TEST_STEP][PASSED] - click(findTestObject("Recruitment Page/Vacancies/button_Yes, Confirm")): Object: 'Object Repository/Recruitment Page/Vacancies/button_Yes, Confirm' is clicked on

2023-03-03 11:13:14 - [MESSAGE][PASSED] - Object: 'Object Repository/Recruitment Page/Vacancies/button_Yes, Confirm' is clicked on

2023-03-03 11:13:14 - [TEST_STEP][PASSED] - waitForElementPresent(findTestObject("Confirmation messages/message_SuccessSuccessfullyUpdated"), 10): Object 'Object Repository/Confirmation messages/message_SuccessSuccessfullyUpdated' is present

2023-03-03 11:13:15 - [MESSAGE][PASSED] - Object 'Object Repository/Confirmation messages/message_SuccessSuccessfullyUpdated' is present

2023-03-03 11:13:15 - [TEST_STEP][PASSED] - verifyElementPresent(findTestObject("Confirmation messages/message_SuccessSuccessfullyUpdated"), 10): Object 'Object Repository/Confirmation messages/message_SuccessSuccessfullyUpdated' is present

2023-03-03 11:13:15 - [MESSAGE][PASSED] - Object 'Object Repository/Confirmation messages/message_SuccessSuccessfullyUpdated' is present

2023-03-03 11:13:15 - [TEST_STEP][ERROR] - Start listener action : sampleAfterTestCase: groovy.lang.MissingPropertyException: No such property: printtestCaseContext for class: TestListener
	at TestListener.sampleAfterTestCase(TestListener.groovy:45)
	at TestListener.invokeMethod(TestListener.groovy)
	at com.kms.katalon.core.context.internal.TestHooker.invokeMethod(TestHooker.java:111)
	at com.kms.katalon.core.context.internal.TestHooker.lambda$3(TestHooker.java:95)
	at com.kms.katalon.core.context.internal.TestHooker.invokeContextMethods(TestHooker.java:94)
	at com.kms.katalon.core.context.internal.TestListenerCollector.lambda$3(TestListenerCollector.java:88)
	at com.kms.katalon.core.context.internal.TestListenerCollector.handleListenerEvent(TestListenerCollector.java:85)
	at com.kms.katalon.core.context.internal.ExecutionEventManager.publicEvent(ExecutionEventManager.java:36)
	at com.kms.katalon.core.main.TestCaseExecutor.execute(TestCaseExecutor.java:315)
	at com.kms.katalon.core.common.CommonExecutor.accessTestCaseMainPhase(CommonExecutor.java:65)
	at com.kms.katalon.core.main.TestSuiteExecutor.accessTestSuiteMainPhase(TestSuiteExecutor.java:151)
	at com.kms.katalon.core.main.TestSuiteExecutor.execute(TestSuiteExecutor.java:106)
	at com.kms.katalon.core.main.TestCaseMain.startTestSuite(TestCaseMain.java:185)
	at com.kms.katalon.core.main.TestCaseMain$startTestSuite$0.call(Unknown Source)
	at TempTestSuite1677838305090.run(TempTestSuite1677838305090.groovy:36)


2023-03-03 11:13:15 - [TEST_STEP][PASSED] - println(testCaseContext.getTestCaseId() + " - "): null

2023-03-03 11:13:15 - [TEST_STEP][ERROR] - println(printtestCaseContext.getTestCaseStatus()): groovy.lang.MissingPropertyException: No such property: printtestCaseContext for class: TestListener
	at TestListener.sampleAfterTestCase(TestListener.groovy:45)
	at TestListener.invokeMethod(TestListener.groovy)
	at com.kms.katalon.core.context.internal.TestHooker.invokeMethod(TestHooker.java:111)
	at com.kms.katalon.core.context.internal.TestHooker.lambda$3(TestHooker.java:95)
	at com.kms.katalon.core.context.internal.TestHooker.invokeContextMethods(TestHooker.java:94)
	at com.kms.katalon.core.context.internal.TestListenerCollector.lambda$3(TestListenerCollector.java:88)
	at com.kms.katalon.core.context.internal.TestListenerCollector.handleListenerEvent(TestListenerCollector.java:85)
	at com.kms.katalon.core.context.internal.ExecutionEventManager.publicEvent(ExecutionEventManager.java:36)
	at com.kms.katalon.core.main.TestCaseExecutor.execute(TestCaseExecutor.java:315)
	at com.kms.katalon.core.common.CommonExecutor.accessTestCaseMainPhase(CommonExecutor.java:65)
	at com.kms.katalon.core.main.TestSuiteExecutor.accessTestSuiteMainPhase(TestSuiteExecutor.java:151)
	at com.kms.katalon.core.main.TestSuiteExecutor.execute(TestSuiteExecutor.java:106)
	at com.kms.katalon.core.main.TestCaseMain.startTestSuite(TestCaseMain.java:185)
	at com.kms.katalon.core.main.TestCaseMain$startTestSuite$0.call(Unknown Source)
	at TempTestSuite1677838305090.run(TempTestSuite1677838305090.groovy:36)


2023-03-03 11:13:15 - [MESSAGE][ERROR] - groovy.lang.MissingPropertyException: No such property: printtestCaseContext for class: TestListener
	at TestListener.sampleAfterTestCase(TestListener.groovy:45)
	at TestListener.invokeMethod(TestListener.groovy)
	at com.kms.katalon.core.context.internal.TestHooker.invokeMethod(TestHooker.java:111)
	at com.kms.katalon.core.context.internal.TestHooker.lambda$3(TestHooker.java:95)
	at com.kms.katalon.core.context.internal.TestHooker.invokeContextMethods(TestHooker.java:94)
	at com.kms.katalon.core.context.internal.TestListenerCollector.lambda$3(TestListenerCollector.java:88)
	at com.kms.katalon.core.context.internal.TestListenerCollector.handleListenerEvent(TestListenerCollector.java:85)
	at com.kms.katalon.core.context.internal.ExecutionEventManager.publicEvent(ExecutionEventManager.java:36)
	at com.kms.katalon.core.main.TestCaseExecutor.execute(TestCaseExecutor.java:315)
	at com.kms.katalon.core.common.CommonExecutor.accessTestCaseMainPhase(CommonExecutor.java:65)
	at com.kms.katalon.core.main.TestSuiteExecutor.accessTestSuiteMainPhase(TestSuiteExecutor.java:151)
	at com.kms.katalon.core.main.TestSuiteExecutor.execute(TestSuiteExecutor.java:106)
	at com.kms.katalon.core.main.TestCaseMain.startTestSuite(TestCaseMain.java:185)
	at com.kms.katalon.core.main.TestCaseMain$startTestSuite$0.call(Unknown Source)
	at TempTestSuite1677838305090.run(TempTestSuite1677838305090.groovy:36)]]></system-out>
         <system-err><![CDATA[]]></system-err>
      </testcase>
      <testcase name="Test Cases/Recruitment page/Candidates/Delete Candidate" time="19.026" classname="Test Cases/Recruitment page/Candidates/Delete Candidate" status="PASSED">
         <system-out><![CDATA[2023-03-03 11:13:15 - [TEST_CASE][PASSED] - Test Cases/Recruitment page/Candidates/Delete Candidate: Test Cases/Recruitment page/Candidates/Delete Candidate

2023-03-03 11:13:15 - [TEST_STEP][PASSED] - Start listener action : sampleBeforeTestCase: Current window maximized

2023-03-03 11:13:15 - [TEST_STEP][PASSED] - println(testCaseContext.getTestCaseId()): null

2023-03-03 11:13:15 - [TEST_STEP][PASSED] - println(testCaseContext.getTestCaseVariables()): null

2023-03-03 11:13:15 - [TEST_STEP][PASSED] - openBrowser(baseURL): Browser is opened with url: 'https://opensource-demo.orangehrmlive.com/web/index.php/auth/login'

2023-03-03 11:13:15 - [MESSAGE][WARNING] - A browser is already opened. Closing browser and opening a new one

2023-03-03 11:13:16 - [MESSAGE][INFO] - Starting 'Chrome' driver

2023-03-03 11:13:16 - [MESSAGE][INFO] - Action delay is set to 1,000 milliseconds

2023-03-03 11:13:20 - [MESSAGE][PASSED] - Browser is opened with url: 'https://opensource-demo.orangehrmlive.com/web/index.php/auth/login'

2023-03-03 11:13:20 - [TEST_STEP][PASSED] - maximizeWindow(): Current window maximized

2023-03-03 11:13:20 - [MESSAGE][PASSED] - Current window maximized

2023-03-03 11:13:20 - [TEST_STEP][PASSED] - Start setup action : setupTestCase: Method 'setupTestCase' complete successfully

2023-03-03 11:13:20 - [TEST_STEP][PASSED] - orange.keywords.userLogin(findTestObject("Login Page/textbox_Username"), username, findTestObject("Login Page/textbox_Password"), password, findTestObject("Login Page/button_Login")): orange.keywords.userLogin is PASSED

2023-03-03 11:13:26 - [MESSAGE][PASSED] - orange.keywords.userLogin is PASSED

2023-03-03 11:13:26 - [MESSAGE][PASSED] - Method 'setupTestCase' complete successfully

2023-03-03 11:13:26 - [TEST_STEP][PASSED] - click(findTestObject("Navigation Sidebar/a_Recruitment")): Object: 'Object Repository/Navigation Sidebar/a_Recruitment' is clicked on

2023-03-03 11:13:29 - [MESSAGE][PASSED] - Object: 'Object Repository/Navigation Sidebar/a_Recruitment' is clicked on

2023-03-03 11:13:29 - [TEST_STEP][PASSED] - click(findTestObject("Recruitment Page/Vacancies/button_Delete")): Object: 'Object Repository/Recruitment Page/Vacancies/button_Delete' is clicked on

2023-03-03 11:13:32 - [MESSAGE][PASSED] - Object: 'Object Repository/Recruitment Page/Vacancies/button_Delete' is clicked on

2023-03-03 11:13:32 - [TEST_STEP][PASSED] - click(findTestObject("Admin Page/Qualifications/Languages/button_Yes, Delete")): Object: 'Object Repository/Admin Page/Qualifications/Languages/button_Yes, Delete' is clicked on

2023-03-03 11:13:33 - [MESSAGE][PASSED] - Object: 'Object Repository/Admin Page/Qualifications/Languages/button_Yes, Delete' is clicked on

2023-03-03 11:13:33 - [TEST_STEP][PASSED] - waitForElementPresent(findTestObject("Confirmation messages/message_SuccessSuccessfullyDeleted"), 10): Object 'Object Repository/Confirmation messages/message_SuccessSuccessfullyDeleted' is present

2023-03-03 11:13:34 - [MESSAGE][PASSED] - Object 'Object Repository/Confirmation messages/message_SuccessSuccessfullyDeleted' is present

2023-03-03 11:13:34 - [TEST_STEP][PASSED] - verifyElementPresent(findTestObject("Confirmation messages/message_SuccessSuccessfullyDeleted"), 10): Object 'Object Repository/Confirmation messages/message_SuccessSuccessfullyDeleted' is present

2023-03-03 11:13:34 - [MESSAGE][PASSED] - Object 'Object Repository/Confirmation messages/message_SuccessSuccessfullyDeleted' is present

2023-03-03 11:13:34 - [TEST_STEP][ERROR] - Start listener action : sampleAfterTestCase: groovy.lang.MissingPropertyException: No such property: printtestCaseContext for class: TestListener
	at TestListener.sampleAfterTestCase(TestListener.groovy:45)
	at TestListener.invokeMethod(TestListener.groovy)
	at com.kms.katalon.core.context.internal.TestHooker.invokeMethod(TestHooker.java:111)
	at com.kms.katalon.core.context.internal.TestHooker.lambda$3(TestHooker.java:95)
	at com.kms.katalon.core.context.internal.TestHooker.invokeContextMethods(TestHooker.java:94)
	at com.kms.katalon.core.context.internal.TestListenerCollector.lambda$3(TestListenerCollector.java:88)
	at com.kms.katalon.core.context.internal.TestListenerCollector.handleListenerEvent(TestListenerCollector.java:85)
	at com.kms.katalon.core.context.internal.ExecutionEventManager.publicEvent(ExecutionEventManager.java:36)
	at com.kms.katalon.core.main.TestCaseExecutor.execute(TestCaseExecutor.java:315)
	at com.kms.katalon.core.common.CommonExecutor.accessTestCaseMainPhase(CommonExecutor.java:65)
	at com.kms.katalon.core.main.TestSuiteExecutor.accessTestSuiteMainPhase(TestSuiteExecutor.java:151)
	at com.kms.katalon.core.main.TestSuiteExecutor.execute(TestSuiteExecutor.java:106)
	at com.kms.katalon.core.main.TestCaseMain.startTestSuite(TestCaseMain.java:185)
	at com.kms.katalon.core.main.TestCaseMain$startTestSuite$0.call(Unknown Source)
	at TempTestSuite1677838305090.run(TempTestSuite1677838305090.groovy:36)


2023-03-03 11:13:34 - [TEST_STEP][PASSED] - println(testCaseContext.getTestCaseId() + " - "): null

2023-03-03 11:13:34 - [TEST_STEP][ERROR] - println(printtestCaseContext.getTestCaseStatus()): groovy.lang.MissingPropertyException: No such property: printtestCaseContext for class: TestListener
	at TestListener.sampleAfterTestCase(TestListener.groovy:45)
	at TestListener.invokeMethod(TestListener.groovy)
	at com.kms.katalon.core.context.internal.TestHooker.invokeMethod(TestHooker.java:111)
	at com.kms.katalon.core.context.internal.TestHooker.lambda$3(TestHooker.java:95)
	at com.kms.katalon.core.context.internal.TestHooker.invokeContextMethods(TestHooker.java:94)
	at com.kms.katalon.core.context.internal.TestListenerCollector.lambda$3(TestListenerCollector.java:88)
	at com.kms.katalon.core.context.internal.TestListenerCollector.handleListenerEvent(TestListenerCollector.java:85)
	at com.kms.katalon.core.context.internal.ExecutionEventManager.publicEvent(ExecutionEventManager.java:36)
	at com.kms.katalon.core.main.TestCaseExecutor.execute(TestCaseExecutor.java:315)
	at com.kms.katalon.core.common.CommonExecutor.accessTestCaseMainPhase(CommonExecutor.java:65)
	at com.kms.katalon.core.main.TestSuiteExecutor.accessTestSuiteMainPhase(TestSuiteExecutor.java:151)
	at com.kms.katalon.core.main.TestSuiteExecutor.execute(TestSuiteExecutor.java:106)
	at com.kms.katalon.core.main.TestCaseMain.startTestSuite(TestCaseMain.java:185)
	at com.kms.katalon.core.main.TestCaseMain$startTestSuite$0.call(Unknown Source)
	at TempTestSuite1677838305090.run(TempTestSuite1677838305090.groovy:36)


2023-03-03 11:13:34 - [MESSAGE][ERROR] - groovy.lang.MissingPropertyException: No such property: printtestCaseContext for class: TestListener
	at TestListener.sampleAfterTestCase(TestListener.groovy:45)
	at TestListener.invokeMethod(TestListener.groovy)
	at com.kms.katalon.core.context.internal.TestHooker.invokeMethod(TestHooker.java:111)
	at com.kms.katalon.core.context.internal.TestHooker.lambda$3(TestHooker.java:95)
	at com.kms.katalon.core.context.internal.TestHooker.invokeContextMethods(TestHooker.java:94)
	at com.kms.katalon.core.context.internal.TestListenerCollector.lambda$3(TestListenerCollector.java:88)
	at com.kms.katalon.core.context.internal.TestListenerCollector.handleListenerEvent(TestListenerCollector.java:85)
	at com.kms.katalon.core.context.internal.ExecutionEventManager.publicEvent(ExecutionEventManager.java:36)
	at com.kms.katalon.core.main.TestCaseExecutor.execute(TestCaseExecutor.java:315)
	at com.kms.katalon.core.common.CommonExecutor.accessTestCaseMainPhase(CommonExecutor.java:65)
	at com.kms.katalon.core.main.TestSuiteExecutor.accessTestSuiteMainPhase(TestSuiteExecutor.java:151)
	at com.kms.katalon.core.main.TestSuiteExecutor.execute(TestSuiteExecutor.java:106)
	at com.kms.katalon.core.main.TestCaseMain.startTestSuite(TestCaseMain.java:185)
	at com.kms.katalon.core.main.TestCaseMain$startTestSuite$0.call(Unknown Source)
	at TempTestSuite1677838305090.run(TempTestSuite1677838305090.groovy:36)]]></system-out>
         <system-err><![CDATA[]]></system-err>
      </testcase>
      <system-out><![CDATA[2023-03-03 11:11:52 - [TEST_SUITE][PASSED] - Recruitment Suite: Test Cases/Recruitment page/Candidates/Delete Candidate]]></system-out>
      <system-err><![CDATA[]]></system-err>
   </testsuite>
</testsuites>
