<?xml version="1.0" encoding="UTF-8"?>
<testsuites name="Login Test Suite" time="662.973" tests="5" failures="0" errors="0">
   <testsuite name="Login Test Suite" tests="5" failures="0" errors="0" time="662.973" skipped="0" timestamp="2023-03-06 13:46:04" hostname="PC - host.docker.internal" id="Test Suites/Login Test Suite">
      <properties>
         <property name="deviceName" value=""/>
         <property name="devicePlatform" value=""/>
         <property name="logFolder" value="C:\\Users\\PC\\Desktop\\Katalon Projects\\Orange Web Test Automation\\Reports\\20230306_134555\\Login Test Suite\\20230306_134555"/>
         <property name="logFiles" value="C:\\Users\\PC\\Desktop\\Katalon Projects\\Orange Web Test Automation\\Reports\\20230306_134555\\Login Test Suite\\20230306_134555\\execution0.log"/>
         <property name="attachments" value=""/>
         <property name="hostName" value="PC - host.docker.internal"/>
         <property name="remoteDriverUrl" value="testcloud.katalon.com/hub"/>
         <property name="desiredCapabilities" value="{
  &quot;acceptInsecureCerts&quot;: false,
  &quot;browserName&quot;: &quot;chrome&quot;,
  &quot;browserVersion&quot;: &quot;107.0.5304.88&quot;,
  &quot;chrome&quot;: {
    &quot;chromedriverVersion&quot;: &quot;107.0.5304.18 (fde5ebf4e16d343a9c4a097f3fe6a977c44e1cac-refs/branch-heads/5304@{#214})&quot;,
    &quot;userDataDir&quot;: &quot;C:\\Users\\ADMINI~1\\AppData\\Local\\Temp\\scoped_dir7912_541296186&quot;
  },
  &quot;goog:chromeOptions&quot;: {
    &quot;debuggerAddress&quot;: &quot;localhost:49855&quot;
  },
  &quot;javascriptEnabled&quot;: true,
  &quot;katalon:option&quot;: {
    &quot;unlimitedExecutionMinutes&quot;: true,
    &quot;apiKey&quot;: &quot;814f6398-150b-45c5-a6d4-216c78c722de&quot;,
    &quot;jwt&quot;: &quot;eyJ0eXAiOiJKV1QiLCJhbGciOiJSUzI1NiJ9.eyJzdWIiOiJtaWxhbmd1emluYTg0QGdtYWlsLmNvbSIsInVwbiI6IjExNTQ4MTIiLCJncm91cHMiOlsiVVNFUiJdLCJzdGF0dXMiOiJWRVJJRklFRCIsImdpdmVuX25hbWUiOiJNaWxhbiIsImZhbWlseV9uYW1lIjoiR3V6aW5hIiwiZW1haWwiOiJtaWxhbmd1emluYTg0QGdtYWlsLmNvbSIsImVtYWlsX3ZlcmlmaWVkIjp0cnVlLCJjcmVhdGVkX2F0IjoxNjc3Njc5NTk1LCJ1cGRhdGVkX2F0IjoxNjc4MTA2NTAzLCJhbXIiOlsicHdkIl0sImlhdCI6MTY3ODEwNjUyMiwiZXhwIjoxNjc4NzExMzIyLCJqdGkiOiJhOTBjYzkzOS0zY2YyLTQ0MWQtODk0OC1lYjlmMmM0ZWE0OTEiLCJpc3MiOiJrYXRhbG9uLWF1dGgifQ.KT3DHgYxE1LlKfHa4EPu5TsmmJWhXwP1xgWuzGJBXvHzOvHK_N9ASQPLM9i_Sng3TD-4ZrMGw0Cb-W4WNoG7nCGuer_Z0TYd8pzF9iYZ-DVOQN0vkQRAruPfBI_ikPOnYDQdxYW_CJ5uVdfkvpAO-TutLs-iXWBdLGW3R684E3iUH0OTHjxgLUgD156lYX0pF4zDBwWBJC1x_gz91DwzSNkQaXsuKf_2TDD_twODbJJy0Sl-ZOfPCXdVTiKhM5G4Tn5gHqfvluLHTUm6o7z3NKHpmXLPsTc99ACSVkdtttnKZZQMS8lNM2Ue6_jLY2WwXPNCPv9Vg2NxEq5qSzBp4Q&quot;,
    &quot;tunnelMetadataId&quot;: &quot;71d229ae-1c9a-46b2-b333-913b38329c61&quot;,
    &quot;secret&quot;: &quot;079124a7102effdf14ac6e564451c07c05b63fed&quot;,
    &quot;userId&quot;: 1154812,
    &quot;organizationId&quot;: &quot;1125751&quot;,
    &quot;teamId&quot;: &quot;1071517&quot;,
    &quot;class&quot;: &quot;com.katalon.testcloud.grid.common.tunnel.domain.UserOptionCapability&quot;,
    &quot;runFromTestCloud&quot;: true,
    &quot;tenant&quot;: &quot;KatalonStudio&quot;,
    &quot;usingTunnel&quot;: true,
    &quot;username&quot;: &quot;milanguzina84@gmail.com&quot;,
    &quot;group&quot;: &quot;b2bc66be-0f6d-4474-bc67-0ef98b8c9078&quot;
  },
  &quot;networkConnectionEnabled&quot;: false,
  &quot;os&quot;: &quot;windows&quot;,
  &quot;pageLoadStrategy&quot;: &quot;normal&quot;,
  &quot;platform&quot;: &quot;WINDOWS&quot;,
  &quot;platformName&quot;: &quot;WINDOWS&quot;,
  &quot;proxy&quot;: {
    &quot;proxyType&quot;: &quot;PAC&quot;,
    &quot;autodetect&quot;: false,
    &quot;proxyAutoconfigUrl&quot;: &quot;http://tunnel-manager-internal.katalon.com/pac/71d229ae-1c9a-46b2-b333-913b38329c61.pac&quot;
  },
  &quot;requestId&quot;: &quot;89c56b44-998e-4a05-b3c8-0450e9164df7&quot;,
  &quot;se:cdp&quot;: &quot;ws://10.0.2.2:4444/session/16771efdb75e229340f265bc3f708c2c/se/cdp&quot;,
  &quot;se:cdpVersion&quot;: &quot;107.0.5304.88&quot;,
  &quot;setWindowRect&quot;: true,
  &quot;strictFileInteractability&quot;: false,
  &quot;timeouts&quot;: {
    &quot;implicit&quot;: 0,
    &quot;pageLoad&quot;: 300000,
    &quot;script&quot;: 30000
  },
  &quot;unhandledPromptBehavior&quot;: &quot;dismiss and notify&quot;,
  &quot;webauthn:extension:credBlob&quot;: true,
  &quot;webauthn:extension:largeBlob&quot;: true,
  &quot;webauthn:virtualAuthenticators&quot;: true
}"/>
         <property name="os" value="Windows 10 64bit"/>
         <property name="remoteOS" value="Windows"/>
         <property name="katalonVersion" value="8.5.5.208"/>
         <property name="browser" value="Chrome 107.0.0.0"/>
         <property name="hostAddress" value="192.168.0.23"/>
         <property name="sessionId" value="16771efdb75e229340f265bc3f708c2c"/>
         <property name="seleniumVersion" value="3.141.59"/>
         <property name="proxyInformation" value="ProxyInformation { proxyOption=NO_PROXY, proxyServerType=HTTP, username=milanguzina84@gmail.com, password=********, proxyServerAddress=127.0.1, proxyServerPort=12701, executionList=&quot;&quot;, isApplyToDesiredCapabilities=false }"/>
         <property name="platform" value="Windows 10"/>
      </properties>
      <testcase name="Test Cases/Login/Successfull login attempt" time="130.569" classname="Test Cases/Login/Successfull login attempt" status="PASSED">
         <system-out><![CDATA[2023-03-06 13:46:04 - [TEST_CASE][PASSED] - Test Cases/Login/Successfull login attempt: Test Cases/Login/Successfull login attempt

2023-03-06 13:46:04 - [TEST_STEP][PASSED] - Start listener action : sampleBeforeTestCase: Current window maximized

2023-03-06 13:46:04 - [TEST_STEP][PASSED] - println(testCaseContext.getTestCaseId()): null

2023-03-06 13:46:04 - [TEST_STEP][PASSED] - println(testCaseContext.getTestCaseVariables()): null

2023-03-06 13:46:04 - [TEST_STEP][PASSED] - openBrowser(baseURL): Browser is opened with url: 'https://opensource-demo.orangehrmlive.com/web/index.php/auth/login'

2023-03-06 13:46:05 - [MESSAGE][INFO] - User set preference: ['os', 'windows']

2023-03-06 13:46:05 - [MESSAGE][INFO] - User set preference: ['browserName', 'chrome']

2023-03-06 13:46:05 - [MESSAGE][INFO] - User set preference: ['browserVersion', '107']

2023-03-06 13:46:05 - [MESSAGE][INFO] - User set preference: ['katalon:option', '{organizationId=1125751, tunnelId=71d229ae-1c9a-46b2-b333-913b38329c61, usingTunnel=true}']

2023-03-06 13:46:05 - [MESSAGE][INFO] - Connecting to remote web server 'testcloud.katalon.com/hub' with type 'Selenium'

2023-03-06 13:46:05 - [MESSAGE][INFO] - Action delay is set to 1,000 milliseconds

2023-03-06 13:47:58 - [MESSAGE][PASSED] - Browser is opened with url: 'https://opensource-demo.orangehrmlive.com/web/index.php/auth/login'

2023-03-06 13:47:58 - [TEST_STEP][PASSED] - maximizeWindow(): Current window maximized

2023-03-06 13:47:59 - [MESSAGE][PASSED] - Current window maximized

2023-03-06 13:47:59 - [TEST_STEP][PASSED] - sendKeys(findTestObject("Login Page/textbox_Username"), "Admin"): Keys 'Admin' sent to object: 'Object Repository/Login Page/textbox_Username'

2023-03-06 13:48:02 - [MESSAGE][PASSED] - Keys 'Admin' sent to object: 'Object Repository/Login Page/textbox_Username'

2023-03-06 13:48:02 - [TEST_STEP][PASSED] - setEncryptedText(findTestObject("Login Page/textbox_Password"), "hUKwJTbofgPU9eVlw/CnDQ=="): Text ****** has been set on object 'Object Repository/Login Page/textbox_Password'

2023-03-06 13:48:07 - [MESSAGE][PASSED] - Text ****** has been set on object 'Object Repository/Login Page/textbox_Password'

2023-03-06 13:48:07 - [TEST_STEP][PASSED] - click(findTestObject("Login Page/button_Login")): Object: 'Object Repository/Login Page/button_Login' is clicked on

2023-03-06 13:48:11 - [MESSAGE][PASSED] - Object: 'Object Repository/Login Page/button_Login' is clicked on

2023-03-06 13:48:11 - [TEST_STEP][PASSED] - verifyElementPresent(findTestObject("Home Page/dropdown_user_profile"), 10): Object 'Object Repository/Home Page/dropdown_user_profile' is present

2023-03-06 13:48:14 - [MESSAGE][PASSED] - Object 'Object Repository/Home Page/dropdown_user_profile' is present

2023-03-06 13:48:14 - [TEST_STEP][ERROR] - Start listener action : sampleAfterTestCase: groovy.lang.MissingPropertyException: No such property: printtestCaseContext for class: TestListener
	at TestListener.sampleAfterTestCase(TestListener.groovy:45)
	at TestListener.invokeMethod(TestListener.groovy)
	at com.kms.katalon.core.context.internal.TestHooker.invokeMethod(TestHooker.java:111)
	at com.kms.katalon.core.context.internal.TestHooker.lambda$3(TestHooker.java:95)
	at com.kms.katalon.core.context.internal.TestHooker.invokeContextMethods(TestHooker.java:94)
	at com.kms.katalon.core.context.internal.TestListenerCollector.lambda$3(TestListenerCollector.java:88)
	at com.kms.katalon.core.context.internal.TestListenerCollector.handleListenerEvent(TestListenerCollector.java:85)
	at com.kms.katalon.core.context.internal.ExecutionEventManager.publicEvent(ExecutionEventManager.java:36)
	at com.kms.katalon.core.main.TestCaseExecutor.execute(TestCaseExecutor.java:315)
	at com.kms.katalon.core.common.CommonExecutor.accessTestCaseMainPhase(CommonExecutor.java:65)
	at com.kms.katalon.core.main.TestSuiteExecutor.accessTestSuiteMainPhase(TestSuiteExecutor.java:151)
	at com.kms.katalon.core.main.TestSuiteExecutor.execute(TestSuiteExecutor.java:106)
	at com.kms.katalon.core.main.TestCaseMain.startTestSuite(TestCaseMain.java:185)
	at com.kms.katalon.core.main.TestCaseMain$startTestSuite$0.call(Unknown Source)
	at TempTestSuite1678106755341.run(TempTestSuite1678106755341.groovy:36)


2023-03-06 13:48:14 - [TEST_STEP][PASSED] - println(testCaseContext.getTestCaseId() + " - "): null

2023-03-06 13:48:14 - [TEST_STEP][ERROR] - println(printtestCaseContext.getTestCaseStatus()): groovy.lang.MissingPropertyException: No such property: printtestCaseContext for class: TestListener
	at TestListener.sampleAfterTestCase(TestListener.groovy:45)
	at TestListener.invokeMethod(TestListener.groovy)
	at com.kms.katalon.core.context.internal.TestHooker.invokeMethod(TestHooker.java:111)
	at com.kms.katalon.core.context.internal.TestHooker.lambda$3(TestHooker.java:95)
	at com.kms.katalon.core.context.internal.TestHooker.invokeContextMethods(TestHooker.java:94)
	at com.kms.katalon.core.context.internal.TestListenerCollector.lambda$3(TestListenerCollector.java:88)
	at com.kms.katalon.core.context.internal.TestListenerCollector.handleListenerEvent(TestListenerCollector.java:85)
	at com.kms.katalon.core.context.internal.ExecutionEventManager.publicEvent(ExecutionEventManager.java:36)
	at com.kms.katalon.core.main.TestCaseExecutor.execute(TestCaseExecutor.java:315)
	at com.kms.katalon.core.common.CommonExecutor.accessTestCaseMainPhase(CommonExecutor.java:65)
	at com.kms.katalon.core.main.TestSuiteExecutor.accessTestSuiteMainPhase(TestSuiteExecutor.java:151)
	at com.kms.katalon.core.main.TestSuiteExecutor.execute(TestSuiteExecutor.java:106)
	at com.kms.katalon.core.main.TestCaseMain.startTestSuite(TestCaseMain.java:185)
	at com.kms.katalon.core.main.TestCaseMain$startTestSuite$0.call(Unknown Source)
	at TempTestSuite1678106755341.run(TempTestSuite1678106755341.groovy:36)


2023-03-06 13:48:14 - [MESSAGE][ERROR] - groovy.lang.MissingPropertyException: No such property: printtestCaseContext for class: TestListener
	at TestListener.sampleAfterTestCase(TestListener.groovy:45)
	at TestListener.invokeMethod(TestListener.groovy)
	at com.kms.katalon.core.context.internal.TestHooker.invokeMethod(TestHooker.java:111)
	at com.kms.katalon.core.context.internal.TestHooker.lambda$3(TestHooker.java:95)
	at com.kms.katalon.core.context.internal.TestHooker.invokeContextMethods(TestHooker.java:94)
	at com.kms.katalon.core.context.internal.TestListenerCollector.lambda$3(TestListenerCollector.java:88)
	at com.kms.katalon.core.context.internal.TestListenerCollector.handleListenerEvent(TestListenerCollector.java:85)
	at com.kms.katalon.core.context.internal.ExecutionEventManager.publicEvent(ExecutionEventManager.java:36)
	at com.kms.katalon.core.main.TestCaseExecutor.execute(TestCaseExecutor.java:315)
	at com.kms.katalon.core.common.CommonExecutor.accessTestCaseMainPhase(CommonExecutor.java:65)
	at com.kms.katalon.core.main.TestSuiteExecutor.accessTestSuiteMainPhase(TestSuiteExecutor.java:151)
	at com.kms.katalon.core.main.TestSuiteExecutor.execute(TestSuiteExecutor.java:106)
	at com.kms.katalon.core.main.TestCaseMain.startTestSuite(TestCaseMain.java:185)
	at com.kms.katalon.core.main.TestCaseMain$startTestSuite$0.call(Unknown Source)
	at TempTestSuite1678106755341.run(TempTestSuite1678106755341.groovy:36)]]></system-out>
         <system-err><![CDATA[]]></system-err>
      </testcase>
      <testcase name="Test Cases/Login/Unsuccessfull login attempt" time="133.3" classname="Test Cases/Login/Unsuccessfull login attempt" status="PASSED">
         <system-out><![CDATA[2023-03-06 13:48:14 - [TEST_CASE][PASSED] - Test Cases/Login/Unsuccessfull login attempt: Test Cases/Login/Unsuccessfull login attempt

2023-03-06 13:48:15 - [TEST_STEP][PASSED] - Start listener action : sampleBeforeTestCase: Current window maximized

2023-03-06 13:48:15 - [TEST_STEP][PASSED] - println(testCaseContext.getTestCaseId()): null

2023-03-06 13:48:15 - [TEST_STEP][PASSED] - println(testCaseContext.getTestCaseVariables()): null

2023-03-06 13:48:15 - [TEST_STEP][PASSED] - openBrowser(baseURL): Browser is opened with url: 'https://opensource-demo.orangehrmlive.com/web/index.php/auth/login'

2023-03-06 13:48:15 - [MESSAGE][WARNING] - A browser is already opened. Closing browser and opening a new one

2023-03-06 13:48:18 - [MESSAGE][INFO] - User set preference: ['os', 'windows']

2023-03-06 13:48:18 - [MESSAGE][INFO] - User set preference: ['browserName', 'chrome']

2023-03-06 13:48:18 - [MESSAGE][INFO] - User set preference: ['browserVersion', '107']

2023-03-06 13:48:18 - [MESSAGE][INFO] - User set preference: ['katalon:option', '{organizationId=1125751, tunnelId=71d229ae-1c9a-46b2-b333-913b38329c61, usingTunnel=true}']

2023-03-06 13:48:18 - [MESSAGE][INFO] - Connecting to remote web server 'testcloud.katalon.com/hub' with type 'Selenium'

2023-03-06 13:48:18 - [MESSAGE][INFO] - Action delay is set to 1,000 milliseconds

2023-03-06 13:50:12 - [MESSAGE][PASSED] - Browser is opened with url: 'https://opensource-demo.orangehrmlive.com/web/index.php/auth/login'

2023-03-06 13:50:12 - [TEST_STEP][PASSED] - maximizeWindow(): Current window maximized

2023-03-06 13:50:13 - [MESSAGE][PASSED] - Current window maximized

2023-03-06 13:50:14 - [TEST_STEP][PASSED] - sendKeys(findTestObject("Login Page/textbox_Username"), "Admin"): Keys 'Admin' sent to object: 'Object Repository/Login Page/textbox_Username'

2023-03-06 13:50:17 - [MESSAGE][PASSED] - Keys 'Admin' sent to object: 'Object Repository/Login Page/textbox_Username'

2023-03-06 13:50:17 - [TEST_STEP][PASSED] - setEncryptedText(findTestObject("Login Page/textbox_Password"), "1bcgBUi0Tj/gc3uc61HAVQ=="): Text ****** has been set on object 'Object Repository/Login Page/textbox_Password'

2023-03-06 13:50:22 - [MESSAGE][PASSED] - Text ****** has been set on object 'Object Repository/Login Page/textbox_Password'

2023-03-06 13:50:22 - [TEST_STEP][PASSED] - click(findTestObject("Login Page/button_Login")): Object: 'Object Repository/Login Page/button_Login' is clicked on

2023-03-06 13:50:25 - [MESSAGE][PASSED] - Object: 'Object Repository/Login Page/button_Login' is clicked on

2023-03-06 13:50:25 - [TEST_STEP][PASSED] - verifyElementPresent(findTestObject("Login Page/message_Invalid credentials"), 10): Object 'Object Repository/Login Page/message_Invalid credentials' is present

2023-03-06 13:50:28 - [MESSAGE][PASSED] - Object 'Object Repository/Login Page/message_Invalid credentials' is present

2023-03-06 13:50:28 - [TEST_STEP][ERROR] - Start listener action : sampleAfterTestCase: groovy.lang.MissingPropertyException: No such property: printtestCaseContext for class: TestListener
	at TestListener.sampleAfterTestCase(TestListener.groovy:45)
	at TestListener.invokeMethod(TestListener.groovy)
	at com.kms.katalon.core.context.internal.TestHooker.invokeMethod(TestHooker.java:111)
	at com.kms.katalon.core.context.internal.TestHooker.lambda$3(TestHooker.java:95)
	at com.kms.katalon.core.context.internal.TestHooker.invokeContextMethods(TestHooker.java:94)
	at com.kms.katalon.core.context.internal.TestListenerCollector.lambda$3(TestListenerCollector.java:88)
	at com.kms.katalon.core.context.internal.TestListenerCollector.handleListenerEvent(TestListenerCollector.java:85)
	at com.kms.katalon.core.context.internal.ExecutionEventManager.publicEvent(ExecutionEventManager.java:36)
	at com.kms.katalon.core.main.TestCaseExecutor.execute(TestCaseExecutor.java:315)
	at com.kms.katalon.core.common.CommonExecutor.accessTestCaseMainPhase(CommonExecutor.java:65)
	at com.kms.katalon.core.main.TestSuiteExecutor.accessTestSuiteMainPhase(TestSuiteExecutor.java:151)
	at com.kms.katalon.core.main.TestSuiteExecutor.execute(TestSuiteExecutor.java:106)
	at com.kms.katalon.core.main.TestCaseMain.startTestSuite(TestCaseMain.java:185)
	at com.kms.katalon.core.main.TestCaseMain$startTestSuite$0.call(Unknown Source)
	at TempTestSuite1678106755341.run(TempTestSuite1678106755341.groovy:36)


2023-03-06 13:50:28 - [TEST_STEP][PASSED] - println(testCaseContext.getTestCaseId() + " - "): null

2023-03-06 13:50:28 - [TEST_STEP][ERROR] - println(printtestCaseContext.getTestCaseStatus()): groovy.lang.MissingPropertyException: No such property: printtestCaseContext for class: TestListener
	at TestListener.sampleAfterTestCase(TestListener.groovy:45)
	at TestListener.invokeMethod(TestListener.groovy)
	at com.kms.katalon.core.context.internal.TestHooker.invokeMethod(TestHooker.java:111)
	at com.kms.katalon.core.context.internal.TestHooker.lambda$3(TestHooker.java:95)
	at com.kms.katalon.core.context.internal.TestHooker.invokeContextMethods(TestHooker.java:94)
	at com.kms.katalon.core.context.internal.TestListenerCollector.lambda$3(TestListenerCollector.java:88)
	at com.kms.katalon.core.context.internal.TestListenerCollector.handleListenerEvent(TestListenerCollector.java:85)
	at com.kms.katalon.core.context.internal.ExecutionEventManager.publicEvent(ExecutionEventManager.java:36)
	at com.kms.katalon.core.main.TestCaseExecutor.execute(TestCaseExecutor.java:315)
	at com.kms.katalon.core.common.CommonExecutor.accessTestCaseMainPhase(CommonExecutor.java:65)
	at com.kms.katalon.core.main.TestSuiteExecutor.accessTestSuiteMainPhase(TestSuiteExecutor.java:151)
	at com.kms.katalon.core.main.TestSuiteExecutor.execute(TestSuiteExecutor.java:106)
	at com.kms.katalon.core.main.TestCaseMain.startTestSuite(TestCaseMain.java:185)
	at com.kms.katalon.core.main.TestCaseMain$startTestSuite$0.call(Unknown Source)
	at TempTestSuite1678106755341.run(TempTestSuite1678106755341.groovy:36)


2023-03-06 13:50:28 - [MESSAGE][ERROR] - groovy.lang.MissingPropertyException: No such property: printtestCaseContext for class: TestListener
	at TestListener.sampleAfterTestCase(TestListener.groovy:45)
	at TestListener.invokeMethod(TestListener.groovy)
	at com.kms.katalon.core.context.internal.TestHooker.invokeMethod(TestHooker.java:111)
	at com.kms.katalon.core.context.internal.TestHooker.lambda$3(TestHooker.java:95)
	at com.kms.katalon.core.context.internal.TestHooker.invokeContextMethods(TestHooker.java:94)
	at com.kms.katalon.core.context.internal.TestListenerCollector.lambda$3(TestListenerCollector.java:88)
	at com.kms.katalon.core.context.internal.TestListenerCollector.handleListenerEvent(TestListenerCollector.java:85)
	at com.kms.katalon.core.context.internal.ExecutionEventManager.publicEvent(ExecutionEventManager.java:36)
	at com.kms.katalon.core.main.TestCaseExecutor.execute(TestCaseExecutor.java:315)
	at com.kms.katalon.core.common.CommonExecutor.accessTestCaseMainPhase(CommonExecutor.java:65)
	at com.kms.katalon.core.main.TestSuiteExecutor.accessTestSuiteMainPhase(TestSuiteExecutor.java:151)
	at com.kms.katalon.core.main.TestSuiteExecutor.execute(TestSuiteExecutor.java:106)
	at com.kms.katalon.core.main.TestCaseMain.startTestSuite(TestCaseMain.java:185)
	at com.kms.katalon.core.main.TestCaseMain$startTestSuite$0.call(Unknown Source)
	at TempTestSuite1678106755341.run(TempTestSuite1678106755341.groovy:36)]]></system-out>
         <system-err><![CDATA[]]></system-err>
      </testcase>
      <testcase name="Test Cases/Login/Reset User Password" time="133.067" classname="Test Cases/Login/Reset User Password" status="PASSED">
         <system-out><![CDATA[2023-03-06 13:50:28 - [TEST_CASE][PASSED] - Test Cases/Login/Reset User Password: Test Cases/Login/Reset User Password

2023-03-06 13:50:28 - [TEST_STEP][PASSED] - Start listener action : sampleBeforeTestCase: Current window maximized

2023-03-06 13:50:28 - [TEST_STEP][PASSED] - println(testCaseContext.getTestCaseId()): null

2023-03-06 13:50:28 - [TEST_STEP][PASSED] - println(testCaseContext.getTestCaseVariables()): null

2023-03-06 13:50:28 - [TEST_STEP][PASSED] - openBrowser(baseURL): Browser is opened with url: 'https://opensource-demo.orangehrmlive.com/web/index.php/auth/login'

2023-03-06 13:50:28 - [MESSAGE][WARNING] - A browser is already opened. Closing browser and opening a new one

2023-03-06 13:50:30 - [MESSAGE][INFO] - User set preference: ['os', 'windows']

2023-03-06 13:50:30 - [MESSAGE][INFO] - User set preference: ['browserName', 'chrome']

2023-03-06 13:50:30 - [MESSAGE][INFO] - User set preference: ['browserVersion', '107']

2023-03-06 13:50:30 - [MESSAGE][INFO] - User set preference: ['katalon:option', '{organizationId=1125751, tunnelId=71d229ae-1c9a-46b2-b333-913b38329c61, usingTunnel=true}']

2023-03-06 13:50:30 - [MESSAGE][INFO] - Connecting to remote web server 'testcloud.katalon.com/hub' with type 'Selenium'

2023-03-06 13:50:30 - [MESSAGE][INFO] - Action delay is set to 1,000 milliseconds

2023-03-06 13:52:27 - [MESSAGE][PASSED] - Browser is opened with url: 'https://opensource-demo.orangehrmlive.com/web/index.php/auth/login'

2023-03-06 13:52:27 - [TEST_STEP][PASSED] - maximizeWindow(): Current window maximized

2023-03-06 13:52:27 - [MESSAGE][PASSED] - Current window maximized

2023-03-06 13:52:28 - [TEST_STEP][PASSED] - click(findTestObject("Login Page/link_Forgot your password")): Object: 'Object Repository/Login Page/link_Forgot your password' is clicked on

2023-03-06 13:52:31 - [MESSAGE][PASSED] - Object: 'Object Repository/Login Page/link_Forgot your password' is clicked on

2023-03-06 13:52:31 - [TEST_STEP][PASSED] - sendKeys(findTestObject("Reset Password Page/textbox_Username"), "Admin"): Keys 'Admin' sent to object: 'Object Repository/Reset Password Page/textbox_Username'

2023-03-06 13:52:35 - [MESSAGE][PASSED] - Keys 'Admin' sent to object: 'Object Repository/Reset Password Page/textbox_Username'

2023-03-06 13:52:35 - [TEST_STEP][PASSED] - click(findTestObject("Reset Password Page/button_Reset Password")): Object: 'Object Repository/Reset Password Page/button_Reset Password' is clicked on

2023-03-06 13:52:37 - [MESSAGE][PASSED] - Object: 'Object Repository/Reset Password Page/button_Reset Password' is clicked on

2023-03-06 13:52:37 - [TEST_STEP][PASSED] - verifyElementText(findTestObject("Reset Password Page/title_Reset Password link sent successfully"), "Reset Password link sent successfully"): Actual text and expected text of test object 'Object Repository/Reset Password Page/title_Reset Password link sent successfully' are matched.

2023-03-06 13:52:41 - [MESSAGE][PASSED] - Actual text and expected text of test object 'Object Repository/Reset Password Page/title_Reset Password link sent successfully' are matched.

2023-03-06 13:52:41 - [TEST_STEP][ERROR] - Start listener action : sampleAfterTestCase: groovy.lang.MissingPropertyException: No such property: printtestCaseContext for class: TestListener
	at TestListener.sampleAfterTestCase(TestListener.groovy:45)
	at TestListener.invokeMethod(TestListener.groovy)
	at com.kms.katalon.core.context.internal.TestHooker.invokeMethod(TestHooker.java:111)
	at com.kms.katalon.core.context.internal.TestHooker.lambda$3(TestHooker.java:95)
	at com.kms.katalon.core.context.internal.TestHooker.invokeContextMethods(TestHooker.java:94)
	at com.kms.katalon.core.context.internal.TestListenerCollector.lambda$3(TestListenerCollector.java:88)
	at com.kms.katalon.core.context.internal.TestListenerCollector.handleListenerEvent(TestListenerCollector.java:85)
	at com.kms.katalon.core.context.internal.ExecutionEventManager.publicEvent(ExecutionEventManager.java:36)
	at com.kms.katalon.core.main.TestCaseExecutor.execute(TestCaseExecutor.java:315)
	at com.kms.katalon.core.common.CommonExecutor.accessTestCaseMainPhase(CommonExecutor.java:65)
	at com.kms.katalon.core.main.TestSuiteExecutor.accessTestSuiteMainPhase(TestSuiteExecutor.java:151)
	at com.kms.katalon.core.main.TestSuiteExecutor.execute(TestSuiteExecutor.java:106)
	at com.kms.katalon.core.main.TestCaseMain.startTestSuite(TestCaseMain.java:185)
	at com.kms.katalon.core.main.TestCaseMain$startTestSuite$0.call(Unknown Source)
	at TempTestSuite1678106755341.run(TempTestSuite1678106755341.groovy:36)


2023-03-06 13:52:41 - [TEST_STEP][PASSED] - println(testCaseContext.getTestCaseId() + " - "): null

2023-03-06 13:52:41 - [TEST_STEP][ERROR] - println(printtestCaseContext.getTestCaseStatus()): groovy.lang.MissingPropertyException: No such property: printtestCaseContext for class: TestListener
	at TestListener.sampleAfterTestCase(TestListener.groovy:45)
	at TestListener.invokeMethod(TestListener.groovy)
	at com.kms.katalon.core.context.internal.TestHooker.invokeMethod(TestHooker.java:111)
	at com.kms.katalon.core.context.internal.TestHooker.lambda$3(TestHooker.java:95)
	at com.kms.katalon.core.context.internal.TestHooker.invokeContextMethods(TestHooker.java:94)
	at com.kms.katalon.core.context.internal.TestListenerCollector.lambda$3(TestListenerCollector.java:88)
	at com.kms.katalon.core.context.internal.TestListenerCollector.handleListenerEvent(TestListenerCollector.java:85)
	at com.kms.katalon.core.context.internal.ExecutionEventManager.publicEvent(ExecutionEventManager.java:36)
	at com.kms.katalon.core.main.TestCaseExecutor.execute(TestCaseExecutor.java:315)
	at com.kms.katalon.core.common.CommonExecutor.accessTestCaseMainPhase(CommonExecutor.java:65)
	at com.kms.katalon.core.main.TestSuiteExecutor.accessTestSuiteMainPhase(TestSuiteExecutor.java:151)
	at com.kms.katalon.core.main.TestSuiteExecutor.execute(TestSuiteExecutor.java:106)
	at com.kms.katalon.core.main.TestCaseMain.startTestSuite(TestCaseMain.java:185)
	at com.kms.katalon.core.main.TestCaseMain$startTestSuite$0.call(Unknown Source)
	at TempTestSuite1678106755341.run(TempTestSuite1678106755341.groovy:36)


2023-03-06 13:52:41 - [MESSAGE][ERROR] - groovy.lang.MissingPropertyException: No such property: printtestCaseContext for class: TestListener
	at TestListener.sampleAfterTestCase(TestListener.groovy:45)
	at TestListener.invokeMethod(TestListener.groovy)
	at com.kms.katalon.core.context.internal.TestHooker.invokeMethod(TestHooker.java:111)
	at com.kms.katalon.core.context.internal.TestHooker.lambda$3(TestHooker.java:95)
	at com.kms.katalon.core.context.internal.TestHooker.invokeContextMethods(TestHooker.java:94)
	at com.kms.katalon.core.context.internal.TestListenerCollector.lambda$3(TestListenerCollector.java:88)
	at com.kms.katalon.core.context.internal.TestListenerCollector.handleListenerEvent(TestListenerCollector.java:85)
	at com.kms.katalon.core.context.internal.ExecutionEventManager.publicEvent(ExecutionEventManager.java:36)
	at com.kms.katalon.core.main.TestCaseExecutor.execute(TestCaseExecutor.java:315)
	at com.kms.katalon.core.common.CommonExecutor.accessTestCaseMainPhase(CommonExecutor.java:65)
	at com.kms.katalon.core.main.TestSuiteExecutor.accessTestSuiteMainPhase(TestSuiteExecutor.java:151)
	at com.kms.katalon.core.main.TestSuiteExecutor.execute(TestSuiteExecutor.java:106)
	at com.kms.katalon.core.main.TestCaseMain.startTestSuite(TestCaseMain.java:185)
	at com.kms.katalon.core.main.TestCaseMain$startTestSuite$0.call(Unknown Source)
	at TempTestSuite1678106755341.run(TempTestSuite1678106755341.groovy:36)]]></system-out>
         <system-err><![CDATA[]]></system-err>
      </testcase>
      <testcase name="Test Cases/Login/Cancel Reset User Password" time="136.304" classname="Test Cases/Login/Cancel Reset User Password" status="PASSED">
         <system-out><![CDATA[2023-03-06 13:52:41 - [TEST_CASE][PASSED] - Test Cases/Login/Cancel Reset User Password: Test Cases/Login/Cancel Reset User Password

2023-03-06 13:52:41 - [TEST_STEP][PASSED] - Start listener action : sampleBeforeTestCase: Current window maximized

2023-03-06 13:52:41 - [TEST_STEP][PASSED] - println(testCaseContext.getTestCaseId()): null

2023-03-06 13:52:41 - [TEST_STEP][PASSED] - println(testCaseContext.getTestCaseVariables()): null

2023-03-06 13:52:41 - [TEST_STEP][PASSED] - openBrowser(baseURL): Browser is opened with url: 'https://opensource-demo.orangehrmlive.com/web/index.php/auth/login'

2023-03-06 13:52:41 - [MESSAGE][WARNING] - A browser is already opened. Closing browser and opening a new one

2023-03-06 13:52:43 - [MESSAGE][INFO] - User set preference: ['os', 'windows']

2023-03-06 13:52:43 - [MESSAGE][INFO] - User set preference: ['browserName', 'chrome']

2023-03-06 13:52:43 - [MESSAGE][INFO] - User set preference: ['browserVersion', '107']

2023-03-06 13:52:43 - [MESSAGE][INFO] - User set preference: ['katalon:option', '{organizationId=1125751, tunnelId=71d229ae-1c9a-46b2-b333-913b38329c61, usingTunnel=true}']

2023-03-06 13:52:43 - [MESSAGE][INFO] - Connecting to remote web server 'testcloud.katalon.com/hub' with type 'Selenium'

2023-03-06 13:52:43 - [MESSAGE][INFO] - Action delay is set to 1,000 milliseconds

2023-03-06 13:54:42 - [MESSAGE][PASSED] - Browser is opened with url: 'https://opensource-demo.orangehrmlive.com/web/index.php/auth/login'

2023-03-06 13:54:42 - [TEST_STEP][PASSED] - maximizeWindow(): Current window maximized

2023-03-06 13:54:42 - [MESSAGE][PASSED] - Current window maximized

2023-03-06 13:54:43 - [TEST_STEP][PASSED] - click(findTestObject("Login Page/link_Forgot your password")): Object: 'Object Repository/Login Page/link_Forgot your password' is clicked on

2023-03-06 13:54:46 - [MESSAGE][PASSED] - Object: 'Object Repository/Login Page/link_Forgot your password' is clicked on

2023-03-06 13:54:46 - [TEST_STEP][PASSED] - sendKeys(findTestObject("Reset Password Page/textbox_Username"), "Admin"): Keys 'Admin' sent to object: 'Object Repository/Reset Password Page/textbox_Username'

2023-03-06 13:54:49 - [MESSAGE][PASSED] - Keys 'Admin' sent to object: 'Object Repository/Reset Password Page/textbox_Username'

2023-03-06 13:54:49 - [TEST_STEP][PASSED] - click(findTestObject("Reset Password Page/button_Cancel")): Object: 'Object Repository/Reset Password Page/button_Cancel' is clicked on

2023-03-06 13:54:53 - [MESSAGE][PASSED] - Object: 'Object Repository/Reset Password Page/button_Cancel' is clicked on

2023-03-06 13:54:53 - [TEST_STEP][PASSED] - verifyElementPresent(findTestObject("Login Page/textbox_Username"), 10): Object 'Object Repository/Login Page/textbox_Username' is present

2023-03-06 13:54:54 - [MESSAGE][PASSED] - Object 'Object Repository/Login Page/textbox_Username' is present

2023-03-06 13:54:54 - [TEST_STEP][PASSED] - verifyElementPresent(findTestObject("Login Page/textbox_Password"), 10): Object 'Object Repository/Login Page/textbox_Password' is present

2023-03-06 13:54:56 - [MESSAGE][PASSED] - Object 'Object Repository/Login Page/textbox_Password' is present

2023-03-06 13:54:56 - [TEST_STEP][PASSED] - verifyElementPresent(findTestObject("Login Page/button_Login"), 10): Object 'Object Repository/Login Page/button_Login' is present

2023-03-06 13:54:57 - [MESSAGE][PASSED] - Object 'Object Repository/Login Page/button_Login' is present

2023-03-06 13:54:57 - [TEST_STEP][ERROR] - Start listener action : sampleAfterTestCase: groovy.lang.MissingPropertyException: No such property: printtestCaseContext for class: TestListener
	at TestListener.sampleAfterTestCase(TestListener.groovy:45)
	at TestListener.invokeMethod(TestListener.groovy)
	at com.kms.katalon.core.context.internal.TestHooker.invokeMethod(TestHooker.java:111)
	at com.kms.katalon.core.context.internal.TestHooker.lambda$3(TestHooker.java:95)
	at com.kms.katalon.core.context.internal.TestHooker.invokeContextMethods(TestHooker.java:94)
	at com.kms.katalon.core.context.internal.TestListenerCollector.lambda$3(TestListenerCollector.java:88)
	at com.kms.katalon.core.context.internal.TestListenerCollector.handleListenerEvent(TestListenerCollector.java:85)
	at com.kms.katalon.core.context.internal.ExecutionEventManager.publicEvent(ExecutionEventManager.java:36)
	at com.kms.katalon.core.main.TestCaseExecutor.execute(TestCaseExecutor.java:315)
	at com.kms.katalon.core.common.CommonExecutor.accessTestCaseMainPhase(CommonExecutor.java:65)
	at com.kms.katalon.core.main.TestSuiteExecutor.accessTestSuiteMainPhase(TestSuiteExecutor.java:151)
	at com.kms.katalon.core.main.TestSuiteExecutor.execute(TestSuiteExecutor.java:106)
	at com.kms.katalon.core.main.TestCaseMain.startTestSuite(TestCaseMain.java:185)
	at com.kms.katalon.core.main.TestCaseMain$startTestSuite$0.call(Unknown Source)
	at TempTestSuite1678106755341.run(TempTestSuite1678106755341.groovy:36)


2023-03-06 13:54:57 - [TEST_STEP][PASSED] - println(testCaseContext.getTestCaseId() + " - "): null

2023-03-06 13:54:57 - [TEST_STEP][ERROR] - println(printtestCaseContext.getTestCaseStatus()): groovy.lang.MissingPropertyException: No such property: printtestCaseContext for class: TestListener
	at TestListener.sampleAfterTestCase(TestListener.groovy:45)
	at TestListener.invokeMethod(TestListener.groovy)
	at com.kms.katalon.core.context.internal.TestHooker.invokeMethod(TestHooker.java:111)
	at com.kms.katalon.core.context.internal.TestHooker.lambda$3(TestHooker.java:95)
	at com.kms.katalon.core.context.internal.TestHooker.invokeContextMethods(TestHooker.java:94)
	at com.kms.katalon.core.context.internal.TestListenerCollector.lambda$3(TestListenerCollector.java:88)
	at com.kms.katalon.core.context.internal.TestListenerCollector.handleListenerEvent(TestListenerCollector.java:85)
	at com.kms.katalon.core.context.internal.ExecutionEventManager.publicEvent(ExecutionEventManager.java:36)
	at com.kms.katalon.core.main.TestCaseExecutor.execute(TestCaseExecutor.java:315)
	at com.kms.katalon.core.common.CommonExecutor.accessTestCaseMainPhase(CommonExecutor.java:65)
	at com.kms.katalon.core.main.TestSuiteExecutor.accessTestSuiteMainPhase(TestSuiteExecutor.java:151)
	at com.kms.katalon.core.main.TestSuiteExecutor.execute(TestSuiteExecutor.java:106)
	at com.kms.katalon.core.main.TestCaseMain.startTestSuite(TestCaseMain.java:185)
	at com.kms.katalon.core.main.TestCaseMain$startTestSuite$0.call(Unknown Source)
	at TempTestSuite1678106755341.run(TempTestSuite1678106755341.groovy:36)


2023-03-06 13:54:57 - [MESSAGE][ERROR] - groovy.lang.MissingPropertyException: No such property: printtestCaseContext for class: TestListener
	at TestListener.sampleAfterTestCase(TestListener.groovy:45)
	at TestListener.invokeMethod(TestListener.groovy)
	at com.kms.katalon.core.context.internal.TestHooker.invokeMethod(TestHooker.java:111)
	at com.kms.katalon.core.context.internal.TestHooker.lambda$3(TestHooker.java:95)
	at com.kms.katalon.core.context.internal.TestHooker.invokeContextMethods(TestHooker.java:94)
	at com.kms.katalon.core.context.internal.TestListenerCollector.lambda$3(TestListenerCollector.java:88)
	at com.kms.katalon.core.context.internal.TestListenerCollector.handleListenerEvent(TestListenerCollector.java:85)
	at com.kms.katalon.core.context.internal.ExecutionEventManager.publicEvent(ExecutionEventManager.java:36)
	at com.kms.katalon.core.main.TestCaseExecutor.execute(TestCaseExecutor.java:315)
	at com.kms.katalon.core.common.CommonExecutor.accessTestCaseMainPhase(CommonExecutor.java:65)
	at com.kms.katalon.core.main.TestSuiteExecutor.accessTestSuiteMainPhase(TestSuiteExecutor.java:151)
	at com.kms.katalon.core.main.TestSuiteExecutor.execute(TestSuiteExecutor.java:106)
	at com.kms.katalon.core.main.TestCaseMain.startTestSuite(TestCaseMain.java:185)
	at com.kms.katalon.core.main.TestCaseMain$startTestSuite$0.call(Unknown Source)
	at TempTestSuite1678106755341.run(TempTestSuite1678106755341.groovy:36)]]></system-out>
         <system-err><![CDATA[]]></system-err>
      </testcase>
      <testcase name="Test Cases/Login/Social Media Links Verification" time="129.467" classname="Test Cases/Login/Social Media Links Verification" status="PASSED">
         <system-out><![CDATA[2023-03-06 13:54:57 - [TEST_CASE][PASSED] - Test Cases/Login/Social Media Links Verification: Test Cases/Login/Social Media Links Verification

2023-03-06 13:54:57 - [TEST_STEP][PASSED] - Start listener action : sampleBeforeTestCase: Current window maximized

2023-03-06 13:54:57 - [TEST_STEP][PASSED] - println(testCaseContext.getTestCaseId()): null

2023-03-06 13:54:57 - [TEST_STEP][PASSED] - println(testCaseContext.getTestCaseVariables()): null

2023-03-06 13:54:57 - [TEST_STEP][PASSED] - openBrowser(baseURL): Browser is opened with url: 'https://opensource-demo.orangehrmlive.com/web/index.php/auth/login'

2023-03-06 13:54:57 - [MESSAGE][WARNING] - A browser is already opened. Closing browser and opening a new one

2023-03-06 13:54:59 - [MESSAGE][INFO] - User set preference: ['os', 'windows']

2023-03-06 13:54:59 - [MESSAGE][INFO] - User set preference: ['browserName', 'chrome']

2023-03-06 13:54:59 - [MESSAGE][INFO] - User set preference: ['browserVersion', '107']

2023-03-06 13:54:59 - [MESSAGE][INFO] - User set preference: ['katalon:option', '{organizationId=1125751, tunnelId=71d229ae-1c9a-46b2-b333-913b38329c61, usingTunnel=true}']

2023-03-06 13:54:59 - [MESSAGE][INFO] - Connecting to remote web server 'testcloud.katalon.com/hub' with type 'Selenium'

2023-03-06 13:54:59 - [MESSAGE][INFO] - Action delay is set to 1,000 milliseconds

2023-03-06 13:57:03 - [MESSAGE][PASSED] - Browser is opened with url: 'https://opensource-demo.orangehrmlive.com/web/index.php/auth/login'

2023-03-06 13:57:03 - [TEST_STEP][PASSED] - maximizeWindow(): Current window maximized

2023-03-06 13:57:04 - [MESSAGE][PASSED] - Current window maximized

2023-03-06 13:57:04 - [TEST_STEP][PASSED] - waitForPageLoad(10): Wait for page load successfully

2023-03-06 13:57:04 - [MESSAGE][PASSED] - Wait for page load successfully

2023-03-06 13:57:04 - [TEST_STEP][PASSED] - verifyLinksAccessible([social_media_link_1, social_media_link_2, social_media_link_3]): All links are accessible

2023-03-06 13:57:06 - [MESSAGE][INFO] - HAR: C:\Users\PC\Desktop\Katalon Projects\Orange Web Test Automation\Reports\20230306_134555\Login Test Suite\20230306_134555\requests\main\0.har

2023-03-06 13:57:06 - [MESSAGE][PASSED] - Send request successfully

2023-03-06 13:57:06 - [MESSAGE][INFO] - HAR: C:\Users\PC\Desktop\Katalon Projects\Orange Web Test Automation\Reports\20230306_134555\Login Test Suite\20230306_134555\requests\main\1.har

2023-03-06 13:57:06 - [MESSAGE][PASSED] - Send request successfully

2023-03-06 13:57:07 - [MESSAGE][INFO] - HAR: C:\Users\PC\Desktop\Katalon Projects\Orange Web Test Automation\Reports\20230306_134555\Login Test Suite\20230306_134555\requests\main\2.har

2023-03-06 13:57:07 - [MESSAGE][PASSED] - Send request successfully

2023-03-06 13:57:07 - [MESSAGE][PASSED] - All links are accessible

2023-03-06 13:57:07 - [TEST_STEP][ERROR] - Start listener action : sampleAfterTestCase: groovy.lang.MissingPropertyException: No such property: printtestCaseContext for class: TestListener
	at TestListener.sampleAfterTestCase(TestListener.groovy:45)
	at TestListener.invokeMethod(TestListener.groovy)
	at com.kms.katalon.core.context.internal.TestHooker.invokeMethod(TestHooker.java:111)
	at com.kms.katalon.core.context.internal.TestHooker.lambda$3(TestHooker.java:95)
	at com.kms.katalon.core.context.internal.TestHooker.invokeContextMethods(TestHooker.java:94)
	at com.kms.katalon.core.context.internal.TestListenerCollector.lambda$3(TestListenerCollector.java:88)
	at com.kms.katalon.core.context.internal.TestListenerCollector.handleListenerEvent(TestListenerCollector.java:85)
	at com.kms.katalon.core.context.internal.ExecutionEventManager.publicEvent(ExecutionEventManager.java:36)
	at com.kms.katalon.core.main.TestCaseExecutor.execute(TestCaseExecutor.java:315)
	at com.kms.katalon.core.common.CommonExecutor.accessTestCaseMainPhase(CommonExecutor.java:65)
	at com.kms.katalon.core.main.TestSuiteExecutor.accessTestSuiteMainPhase(TestSuiteExecutor.java:151)
	at com.kms.katalon.core.main.TestSuiteExecutor.execute(TestSuiteExecutor.java:106)
	at com.kms.katalon.core.main.TestCaseMain.startTestSuite(TestCaseMain.java:185)
	at com.kms.katalon.core.main.TestCaseMain$startTestSuite$0.call(Unknown Source)
	at TempTestSuite1678106755341.run(TempTestSuite1678106755341.groovy:36)


2023-03-06 13:57:07 - [TEST_STEP][PASSED] - println(testCaseContext.getTestCaseId() + " - "): null

2023-03-06 13:57:07 - [TEST_STEP][ERROR] - println(printtestCaseContext.getTestCaseStatus()): groovy.lang.MissingPropertyException: No such property: printtestCaseContext for class: TestListener
	at TestListener.sampleAfterTestCase(TestListener.groovy:45)
	at TestListener.invokeMethod(TestListener.groovy)
	at com.kms.katalon.core.context.internal.TestHooker.invokeMethod(TestHooker.java:111)
	at com.kms.katalon.core.context.internal.TestHooker.lambda$3(TestHooker.java:95)
	at com.kms.katalon.core.context.internal.TestHooker.invokeContextMethods(TestHooker.java:94)
	at com.kms.katalon.core.context.internal.TestListenerCollector.lambda$3(TestListenerCollector.java:88)
	at com.kms.katalon.core.context.internal.TestListenerCollector.handleListenerEvent(TestListenerCollector.java:85)
	at com.kms.katalon.core.context.internal.ExecutionEventManager.publicEvent(ExecutionEventManager.java:36)
	at com.kms.katalon.core.main.TestCaseExecutor.execute(TestCaseExecutor.java:315)
	at com.kms.katalon.core.common.CommonExecutor.accessTestCaseMainPhase(CommonExecutor.java:65)
	at com.kms.katalon.core.main.TestSuiteExecutor.accessTestSuiteMainPhase(TestSuiteExecutor.java:151)
	at com.kms.katalon.core.main.TestSuiteExecutor.execute(TestSuiteExecutor.java:106)
	at com.kms.katalon.core.main.TestCaseMain.startTestSuite(TestCaseMain.java:185)
	at com.kms.katalon.core.main.TestCaseMain$startTestSuite$0.call(Unknown Source)
	at TempTestSuite1678106755341.run(TempTestSuite1678106755341.groovy:36)


2023-03-06 13:57:07 - [MESSAGE][ERROR] - groovy.lang.MissingPropertyException: No such property: printtestCaseContext for class: TestListener
	at TestListener.sampleAfterTestCase(TestListener.groovy:45)
	at TestListener.invokeMethod(TestListener.groovy)
	at com.kms.katalon.core.context.internal.TestHooker.invokeMethod(TestHooker.java:111)
	at com.kms.katalon.core.context.internal.TestHooker.lambda$3(TestHooker.java:95)
	at com.kms.katalon.core.context.internal.TestHooker.invokeContextMethods(TestHooker.java:94)
	at com.kms.katalon.core.context.internal.TestListenerCollector.lambda$3(TestListenerCollector.java:88)
	at com.kms.katalon.core.context.internal.TestListenerCollector.handleListenerEvent(TestListenerCollector.java:85)
	at com.kms.katalon.core.context.internal.ExecutionEventManager.publicEvent(ExecutionEventManager.java:36)
	at com.kms.katalon.core.main.TestCaseExecutor.execute(TestCaseExecutor.java:315)
	at com.kms.katalon.core.common.CommonExecutor.accessTestCaseMainPhase(CommonExecutor.java:65)
	at com.kms.katalon.core.main.TestSuiteExecutor.accessTestSuiteMainPhase(TestSuiteExecutor.java:151)
	at com.kms.katalon.core.main.TestSuiteExecutor.execute(TestSuiteExecutor.java:106)
	at com.kms.katalon.core.main.TestCaseMain.startTestSuite(TestCaseMain.java:185)
	at com.kms.katalon.core.main.TestCaseMain$startTestSuite$0.call(Unknown Source)
	at TempTestSuite1678106755341.run(TempTestSuite1678106755341.groovy:36)]]></system-out>
         <system-err><![CDATA[]]></system-err>
      </testcase>
      <system-out><![CDATA[2023-03-06 13:46:04 - [TEST_SUITE][PASSED] - Login Test Suite: Test Cases/Login/Social Media Links Verification]]></system-out>
      <system-err><![CDATA[]]></system-err>
   </testsuite>
</testsuites>
