<?xml version="1.0" encoding="UTF-8"?>
<testsuites name="Home Page Suite" time="54.488" tests="2" failures="0" errors="0">
   <testsuite name="Home Page Suite" tests="2" failures="0" errors="0" time="54.488" skipped="0" timestamp="2023-03-03 11:06:11" hostname="PC - host.docker.internal" id="Test Suites/Home Page Suite">
      <properties>
         <property name="deviceName" value=""/>
         <property name="devicePlatform" value=""/>
         <property name="logFolder" value="C:\\Users\\PC\\Desktop\\Katalon Projects\\Orange Web Test Automation\\Reports\\20230303_110603\\Home Page Suite\\20230303_110604"/>
         <property name="logFiles" value="C:\\Users\\PC\\Desktop\\Katalon Projects\\Orange Web Test Automation\\Reports\\20230303_110603\\Home Page Suite\\20230303_110604\\execution0.log"/>
         <property name="attachments" value=""/>
         <property name="hostName" value="PC - host.docker.internal"/>
         <property name="os" value="Windows 10 64bit"/>
         <property name="katalonVersion" value="8.5.5.208"/>
         <property name="browser" value="Chrome 110.0.0.0"/>
         <property name="hostAddress" value="192.168.0.23"/>
         <property name="sessionId" value="6479ca320fa1474b3fca1a5c2d73bdcc"/>
         <property name="seleniumVersion" value="3.141.59"/>
         <property name="proxyInformation" value="ProxyInformation { proxyOption=NO_PROXY, proxyServerType=HTTP, username=, password=********, proxyServerAddress=, proxyServerPort=0, executionList=&quot;&quot;, isApplyToDesiredCapabilities=true }"/>
         <property name="platform" value="Windows 10"/>
      </properties>
      <testcase name="Test Cases/Home Page/Search Functionality" time="26.957" classname="Test Cases/Home Page/Search Functionality" status="PASSED">
         <system-out><![CDATA[2023-03-03 11:06:12 - [TEST_CASE][PASSED] - Test Cases/Home Page/Search Functionality: Test Cases/Home Page/Search Functionality

2023-03-03 11:06:12 - [TEST_STEP][PASSED] - Start listener action : sampleBeforeTestCase: Current window maximized

2023-03-03 11:06:12 - [TEST_STEP][PASSED] - println(testCaseContext.getTestCaseId()): null

2023-03-03 11:06:12 - [TEST_STEP][PASSED] - println(testCaseContext.getTestCaseVariables()): null

2023-03-03 11:06:12 - [TEST_STEP][PASSED] - openBrowser(baseURL): Browser is opened with url: 'https://opensource-demo.orangehrmlive.com/web/index.php/auth/login'

2023-03-03 11:06:12 - [MESSAGE][INFO] - Starting 'Chrome' driver

2023-03-03 11:06:12 - [MESSAGE][INFO] - Action delay is set to 1,000 milliseconds

2023-03-03 11:06:17 - [MESSAGE][PASSED] - Browser is opened with url: 'https://opensource-demo.orangehrmlive.com/web/index.php/auth/login'

2023-03-03 11:06:17 - [TEST_STEP][PASSED] - maximizeWindow(): Current window maximized

2023-03-03 11:06:17 - [MESSAGE][PASSED] - Current window maximized

2023-03-03 11:06:17 - [TEST_STEP][PASSED] - Start setup action : setupTestCase: Method 'setupTestCase' complete successfully

2023-03-03 11:06:17 - [TEST_STEP][PASSED] - orange.keywords.userLogin(findTestObject("Login Page/textbox_Username"), username, findTestObject("Login Page/textbox_Password"), password, findTestObject("Login Page/button_Login")): orange.keywords.userLogin is PASSED

2023-03-03 11:06:23 - [MESSAGE][PASSED] - orange.keywords.userLogin is PASSED

2023-03-03 11:06:23 - [MESSAGE][PASSED] - Method 'setupTestCase' complete successfully

2023-03-03 11:06:23 - [TEST_STEP][PASSED] - sendKeys(findTestObject("Navigation Sidebar/textbox_Search"), "Admin"): Keys 'Admin' sent to object: 'Object Repository/Navigation Sidebar/textbox_Search'

2023-03-03 11:06:26 - [MESSAGE][PASSED] - Keys 'Admin' sent to object: 'Object Repository/Navigation Sidebar/textbox_Search'

2023-03-03 11:06:26 - [TEST_STEP][PASSED] - click(findTestObject("Navigation Sidebar/selected_option")): Object: 'Object Repository/Navigation Sidebar/selected_option' is clicked on

2023-03-03 11:06:28 - [MESSAGE][PASSED] - Object: 'Object Repository/Navigation Sidebar/selected_option' is clicked on

2023-03-03 11:06:28 - [TEST_STEP][PASSED] - verifyElementText(findTestObject("Home Page/header_title_Homepage"), "Admin"): Actual text and expected text of test object 'Object Repository/Home Page/header_title_Homepage' are matched.

2023-03-03 11:06:29 - [MESSAGE][PASSED] - Actual text and expected text of test object 'Object Repository/Home Page/header_title_Homepage' are matched.

2023-03-03 11:06:29 - [TEST_STEP][PASSED] - sendKeys(findTestObject("Navigation Sidebar/textbox_Search"), "Directory"): Keys 'Directory' sent to object: 'Object Repository/Navigation Sidebar/textbox_Search'

2023-03-03 11:06:30 - [MESSAGE][PASSED] - Keys 'Directory' sent to object: 'Object Repository/Navigation Sidebar/textbox_Search'

2023-03-03 11:06:30 - [TEST_STEP][PASSED] - click(findTestObject("Navigation Sidebar/selected_option")): Object: 'Object Repository/Navigation Sidebar/selected_option' is clicked on

2023-03-03 11:06:32 - [MESSAGE][PASSED] - Object: 'Object Repository/Navigation Sidebar/selected_option' is clicked on

2023-03-03 11:06:32 - [TEST_STEP][PASSED] - verifyElementText(findTestObject("Home Page/header_title_Homepage"), "Directory"): Actual text and expected text of test object 'Object Repository/Home Page/header_title_Homepage' are matched.

2023-03-03 11:06:33 - [MESSAGE][PASSED] - Actual text and expected text of test object 'Object Repository/Home Page/header_title_Homepage' are matched.

2023-03-03 11:06:33 - [TEST_STEP][PASSED] - sendKeys(findTestObject("Navigation Sidebar/textbox_Search"), "PIM"): Keys 'PIM' sent to object: 'Object Repository/Navigation Sidebar/textbox_Search'

2023-03-03 11:06:35 - [MESSAGE][PASSED] - Keys 'PIM' sent to object: 'Object Repository/Navigation Sidebar/textbox_Search'

2023-03-03 11:06:35 - [TEST_STEP][PASSED] - click(findTestObject("Navigation Sidebar/selected_option")): Object: 'Object Repository/Navigation Sidebar/selected_option' is clicked on

2023-03-03 11:06:37 - [MESSAGE][PASSED] - Object: 'Object Repository/Navigation Sidebar/selected_option' is clicked on

2023-03-03 11:06:37 - [TEST_STEP][PASSED] - verifyElementText(findTestObject("Home Page/header_title_Homepage"), "PIM"): Actual text and expected text of test object 'Object Repository/Home Page/header_title_Homepage' are matched.

2023-03-03 11:06:39 - [MESSAGE][PASSED] - Actual text and expected text of test object 'Object Repository/Home Page/header_title_Homepage' are matched.

2023-03-03 11:06:39 - [TEST_STEP][ERROR] - Start listener action : sampleAfterTestCase: groovy.lang.MissingPropertyException: No such property: printtestCaseContext for class: TestListener
	at TestListener.sampleAfterTestCase(TestListener.groovy:45)
	at TestListener.invokeMethod(TestListener.groovy)
	at com.kms.katalon.core.context.internal.TestHooker.invokeMethod(TestHooker.java:111)
	at com.kms.katalon.core.context.internal.TestHooker.lambda$3(TestHooker.java:95)
	at com.kms.katalon.core.context.internal.TestHooker.invokeContextMethods(TestHooker.java:94)
	at com.kms.katalon.core.context.internal.TestListenerCollector.lambda$3(TestListenerCollector.java:88)
	at com.kms.katalon.core.context.internal.TestListenerCollector.handleListenerEvent(TestListenerCollector.java:85)
	at com.kms.katalon.core.context.internal.ExecutionEventManager.publicEvent(ExecutionEventManager.java:36)
	at com.kms.katalon.core.main.TestCaseExecutor.execute(TestCaseExecutor.java:315)
	at com.kms.katalon.core.common.CommonExecutor.accessTestCaseMainPhase(CommonExecutor.java:65)
	at com.kms.katalon.core.main.TestSuiteExecutor.accessTestSuiteMainPhase(TestSuiteExecutor.java:151)
	at com.kms.katalon.core.main.TestSuiteExecutor.execute(TestSuiteExecutor.java:106)
	at com.kms.katalon.core.main.TestCaseMain.startTestSuite(TestCaseMain.java:185)
	at com.kms.katalon.core.main.TestCaseMain$startTestSuite$0.call(Unknown Source)
	at TempTestSuite1677837964904.run(TempTestSuite1677837964904.groovy:36)


2023-03-03 11:06:39 - [TEST_STEP][PASSED] - println(testCaseContext.getTestCaseId() + " - "): null

2023-03-03 11:06:39 - [TEST_STEP][ERROR] - println(printtestCaseContext.getTestCaseStatus()): groovy.lang.MissingPropertyException: No such property: printtestCaseContext for class: TestListener
	at TestListener.sampleAfterTestCase(TestListener.groovy:45)
	at TestListener.invokeMethod(TestListener.groovy)
	at com.kms.katalon.core.context.internal.TestHooker.invokeMethod(TestHooker.java:111)
	at com.kms.katalon.core.context.internal.TestHooker.lambda$3(TestHooker.java:95)
	at com.kms.katalon.core.context.internal.TestHooker.invokeContextMethods(TestHooker.java:94)
	at com.kms.katalon.core.context.internal.TestListenerCollector.lambda$3(TestListenerCollector.java:88)
	at com.kms.katalon.core.context.internal.TestListenerCollector.handleListenerEvent(TestListenerCollector.java:85)
	at com.kms.katalon.core.context.internal.ExecutionEventManager.publicEvent(ExecutionEventManager.java:36)
	at com.kms.katalon.core.main.TestCaseExecutor.execute(TestCaseExecutor.java:315)
	at com.kms.katalon.core.common.CommonExecutor.accessTestCaseMainPhase(CommonExecutor.java:65)
	at com.kms.katalon.core.main.TestSuiteExecutor.accessTestSuiteMainPhase(TestSuiteExecutor.java:151)
	at com.kms.katalon.core.main.TestSuiteExecutor.execute(TestSuiteExecutor.java:106)
	at com.kms.katalon.core.main.TestCaseMain.startTestSuite(TestCaseMain.java:185)
	at com.kms.katalon.core.main.TestCaseMain$startTestSuite$0.call(Unknown Source)
	at TempTestSuite1677837964904.run(TempTestSuite1677837964904.groovy:36)


2023-03-03 11:06:39 - [MESSAGE][ERROR] - groovy.lang.MissingPropertyException: No such property: printtestCaseContext for class: TestListener
	at TestListener.sampleAfterTestCase(TestListener.groovy:45)
	at TestListener.invokeMethod(TestListener.groovy)
	at com.kms.katalon.core.context.internal.TestHooker.invokeMethod(TestHooker.java:111)
	at com.kms.katalon.core.context.internal.TestHooker.lambda$3(TestHooker.java:95)
	at com.kms.katalon.core.context.internal.TestHooker.invokeContextMethods(TestHooker.java:94)
	at com.kms.katalon.core.context.internal.TestListenerCollector.lambda$3(TestListenerCollector.java:88)
	at com.kms.katalon.core.context.internal.TestListenerCollector.handleListenerEvent(TestListenerCollector.java:85)
	at com.kms.katalon.core.context.internal.ExecutionEventManager.publicEvent(ExecutionEventManager.java:36)
	at com.kms.katalon.core.main.TestCaseExecutor.execute(TestCaseExecutor.java:315)
	at com.kms.katalon.core.common.CommonExecutor.accessTestCaseMainPhase(CommonExecutor.java:65)
	at com.kms.katalon.core.main.TestSuiteExecutor.accessTestSuiteMainPhase(TestSuiteExecutor.java:151)
	at com.kms.katalon.core.main.TestSuiteExecutor.execute(TestSuiteExecutor.java:106)
	at com.kms.katalon.core.main.TestCaseMain.startTestSuite(TestCaseMain.java:185)
	at com.kms.katalon.core.main.TestCaseMain$startTestSuite$0.call(Unknown Source)
	at TempTestSuite1677837964904.run(TempTestSuite1677837964904.groovy:36)]]></system-out>
         <system-err><![CDATA[]]></system-err>
      </testcase>
      <testcase name="Test Cases/Home Page/Sidebar Minimize Functionality" time="27.281" classname="Test Cases/Home Page/Sidebar Minimize Functionality" status="PASSED">
         <system-out><![CDATA[2023-03-03 11:06:39 - [TEST_CASE][PASSED] - Test Cases/Home Page/Sidebar Minimize Functionality: Test Cases/Home Page/Sidebar Minimize Functionality

2023-03-03 11:06:39 - [TEST_STEP][PASSED] - Start listener action : sampleBeforeTestCase: Current window maximized

2023-03-03 11:06:39 - [TEST_STEP][PASSED] - println(testCaseContext.getTestCaseId()): null

2023-03-03 11:06:39 - [TEST_STEP][PASSED] - println(testCaseContext.getTestCaseVariables()): null

2023-03-03 11:06:39 - [TEST_STEP][PASSED] - openBrowser(baseURL): Browser is opened with url: 'https://opensource-demo.orangehrmlive.com/web/index.php/auth/login'

2023-03-03 11:06:39 - [MESSAGE][WARNING] - A browser is already opened. Closing browser and opening a new one

2023-03-03 11:06:39 - [MESSAGE][INFO] - Starting 'Chrome' driver

2023-03-03 11:06:39 - [MESSAGE][INFO] - Action delay is set to 1,000 milliseconds

2023-03-03 11:06:43 - [MESSAGE][PASSED] - Browser is opened with url: 'https://opensource-demo.orangehrmlive.com/web/index.php/auth/login'

2023-03-03 11:06:43 - [TEST_STEP][PASSED] - maximizeWindow(): Current window maximized

2023-03-03 11:06:43 - [MESSAGE][PASSED] - Current window maximized

2023-03-03 11:06:43 - [TEST_STEP][PASSED] - Start setup action : setupTestCase: Method 'setupTestCase' complete successfully

2023-03-03 11:06:43 - [TEST_STEP][PASSED] - orange.keywords.userLogin(findTestObject("Login Page/textbox_Username"), username, findTestObject("Login Page/textbox_Password"), password, findTestObject("Login Page/button_Login")): orange.keywords.userLogin is PASSED

2023-03-03 11:06:49 - [MESSAGE][PASSED] - orange.keywords.userLogin is PASSED

2023-03-03 11:06:49 - [MESSAGE][PASSED] - Method 'setupTestCase' complete successfully

2023-03-03 11:06:49 - [TEST_STEP][PASSED] - verifyElementInViewport(findTestObject("Navigation Sidebar/textbox_Search"), 10): Object 'Object Repository/Navigation Sidebar/textbox_Search' is present and visible in viewport

2023-03-03 11:06:50 - [MESSAGE][PASSED] - Object 'Object Repository/Navigation Sidebar/textbox_Search' is present and visible in viewport

2023-03-03 11:06:50 - [TEST_STEP][PASSED] - click(findTestObject("Navigation Sidebar/button_minimize")): Object: 'Object Repository/Navigation Sidebar/button_minimize' is clicked on

2023-03-03 11:06:52 - [MESSAGE][PASSED] - Object: 'Object Repository/Navigation Sidebar/button_minimize' is clicked on

2023-03-03 11:06:52 - [TEST_STEP][PASSED] - verifyElementNotInViewport(findTestObject("Navigation Sidebar/textbox_Search"), 10): Object 'Object Repository/Navigation Sidebar/textbox_Search' is present and NOT visible in viewport

2023-03-03 11:07:03 - [MESSAGE][INFO] - Unable to find the element located by 'By.xpath: //input[@class = 'oxd-input oxd-input--active']'. Please recheck the objects properties to make sure the desired element is located. 

2023-03-03 11:07:03 - [MESSAGE][WARNING] - [SELF-HEALING] Failed to find element with id 'Object Repository/Navigation Sidebar/textbox_Search'. Try using Self-healing.

2023-03-03 11:07:04 - [MESSAGE][INFO] - [SELF-HEALING] Screenshot: C:/Users/PC/Desktop/Katalon Projects/Orange Web Test Automation/Reports/Self-healing/Object Repository/Navigation Sidebar/textbox_Search_XPATH.png

2023-03-03 11:07:04 - [MESSAGE][WARNING] - [SELF-HEALING] The current locator of test object 'Object Repository/Navigation Sidebar/textbox_Search' was broken. Propose an alternative one: '//div[@id='app']/div/div/aside/nav/div[2]/div/div/input'.

2023-03-03 11:07:04 - [MESSAGE][PASSED] - Object 'Object Repository/Navigation Sidebar/textbox_Search' is present and NOT visible in viewport

2023-03-03 11:07:04 - [TEST_STEP][PASSED] - click(findTestObject("Navigation Sidebar/button_maximize")): Object: 'Object Repository/Navigation Sidebar/button_maximize' is clicked on

2023-03-03 11:07:05 - [MESSAGE][PASSED] - Object: 'Object Repository/Navigation Sidebar/button_maximize' is clicked on

2023-03-03 11:07:05 - [TEST_STEP][PASSED] - verifyElementInViewport(findTestObject("Navigation Sidebar/textbox_Search"), 10): Object 'Object Repository/Navigation Sidebar/textbox_Search' is present and visible in viewport

2023-03-03 11:07:06 - [MESSAGE][PASSED] - Object 'Object Repository/Navigation Sidebar/textbox_Search' is present and visible in viewport

2023-03-03 11:07:06 - [TEST_STEP][ERROR] - Start listener action : sampleAfterTestCase: groovy.lang.MissingPropertyException: No such property: printtestCaseContext for class: TestListener
	at TestListener.sampleAfterTestCase(TestListener.groovy:45)
	at TestListener.invokeMethod(TestListener.groovy)
	at com.kms.katalon.core.context.internal.TestHooker.invokeMethod(TestHooker.java:111)
	at com.kms.katalon.core.context.internal.TestHooker.lambda$3(TestHooker.java:95)
	at com.kms.katalon.core.context.internal.TestHooker.invokeContextMethods(TestHooker.java:94)
	at com.kms.katalon.core.context.internal.TestListenerCollector.lambda$3(TestListenerCollector.java:88)
	at com.kms.katalon.core.context.internal.TestListenerCollector.handleListenerEvent(TestListenerCollector.java:85)
	at com.kms.katalon.core.context.internal.ExecutionEventManager.publicEvent(ExecutionEventManager.java:36)
	at com.kms.katalon.core.main.TestCaseExecutor.execute(TestCaseExecutor.java:315)
	at com.kms.katalon.core.common.CommonExecutor.accessTestCaseMainPhase(CommonExecutor.java:65)
	at com.kms.katalon.core.main.TestSuiteExecutor.accessTestSuiteMainPhase(TestSuiteExecutor.java:151)
	at com.kms.katalon.core.main.TestSuiteExecutor.execute(TestSuiteExecutor.java:106)
	at com.kms.katalon.core.main.TestCaseMain.startTestSuite(TestCaseMain.java:185)
	at com.kms.katalon.core.main.TestCaseMain$startTestSuite$0.call(Unknown Source)
	at TempTestSuite1677837964904.run(TempTestSuite1677837964904.groovy:36)


2023-03-03 11:07:06 - [TEST_STEP][PASSED] - println(testCaseContext.getTestCaseId() + " - "): null

2023-03-03 11:07:06 - [TEST_STEP][ERROR] - println(printtestCaseContext.getTestCaseStatus()): groovy.lang.MissingPropertyException: No such property: printtestCaseContext for class: TestListener
	at TestListener.sampleAfterTestCase(TestListener.groovy:45)
	at TestListener.invokeMethod(TestListener.groovy)
	at com.kms.katalon.core.context.internal.TestHooker.invokeMethod(TestHooker.java:111)
	at com.kms.katalon.core.context.internal.TestHooker.lambda$3(TestHooker.java:95)
	at com.kms.katalon.core.context.internal.TestHooker.invokeContextMethods(TestHooker.java:94)
	at com.kms.katalon.core.context.internal.TestListenerCollector.lambda$3(TestListenerCollector.java:88)
	at com.kms.katalon.core.context.internal.TestListenerCollector.handleListenerEvent(TestListenerCollector.java:85)
	at com.kms.katalon.core.context.internal.ExecutionEventManager.publicEvent(ExecutionEventManager.java:36)
	at com.kms.katalon.core.main.TestCaseExecutor.execute(TestCaseExecutor.java:315)
	at com.kms.katalon.core.common.CommonExecutor.accessTestCaseMainPhase(CommonExecutor.java:65)
	at com.kms.katalon.core.main.TestSuiteExecutor.accessTestSuiteMainPhase(TestSuiteExecutor.java:151)
	at com.kms.katalon.core.main.TestSuiteExecutor.execute(TestSuiteExecutor.java:106)
	at com.kms.katalon.core.main.TestCaseMain.startTestSuite(TestCaseMain.java:185)
	at com.kms.katalon.core.main.TestCaseMain$startTestSuite$0.call(Unknown Source)
	at TempTestSuite1677837964904.run(TempTestSuite1677837964904.groovy:36)


2023-03-03 11:07:06 - [MESSAGE][ERROR] - groovy.lang.MissingPropertyException: No such property: printtestCaseContext for class: TestListener
	at TestListener.sampleAfterTestCase(TestListener.groovy:45)
	at TestListener.invokeMethod(TestListener.groovy)
	at com.kms.katalon.core.context.internal.TestHooker.invokeMethod(TestHooker.java:111)
	at com.kms.katalon.core.context.internal.TestHooker.lambda$3(TestHooker.java:95)
	at com.kms.katalon.core.context.internal.TestHooker.invokeContextMethods(TestHooker.java:94)
	at com.kms.katalon.core.context.internal.TestListenerCollector.lambda$3(TestListenerCollector.java:88)
	at com.kms.katalon.core.context.internal.TestListenerCollector.handleListenerEvent(TestListenerCollector.java:85)
	at com.kms.katalon.core.context.internal.ExecutionEventManager.publicEvent(ExecutionEventManager.java:36)
	at com.kms.katalon.core.main.TestCaseExecutor.execute(TestCaseExecutor.java:315)
	at com.kms.katalon.core.common.CommonExecutor.accessTestCaseMainPhase(CommonExecutor.java:65)
	at com.kms.katalon.core.main.TestSuiteExecutor.accessTestSuiteMainPhase(TestSuiteExecutor.java:151)
	at com.kms.katalon.core.main.TestSuiteExecutor.execute(TestSuiteExecutor.java:106)
	at com.kms.katalon.core.main.TestCaseMain.startTestSuite(TestCaseMain.java:185)
	at com.kms.katalon.core.main.TestCaseMain$startTestSuite$0.call(Unknown Source)
	at TempTestSuite1677837964904.run(TempTestSuite1677837964904.groovy:36)]]></system-out>
         <system-err><![CDATA[]]></system-err>
      </testcase>
      <system-out><![CDATA[2023-03-03 11:06:11 - [TEST_SUITE][PASSED] - Home Page Suite: Test Cases/Home Page/Sidebar Minimize Functionality]]></system-out>
      <system-err><![CDATA[]]></system-err>
   </testsuite>
</testsuites>
