<?xml version="1.0" encoding="UTF-8"?>
<testsuites name="Nationalities Suite" time="16.27" tests="3" failures="0" errors="0">
   <testsuite name="Nationalities Suite" tests="3" failures="0" errors="0" time="16.27" skipped="3" timestamp="2023-03-01 16:09:41" hostname="PC - host.docker.internal" id="Test Suites/Nationalities Suite">
      <properties>
         <property name="deviceName" value=""/>
         <property name="devicePlatform" value=""/>
         <property name="logFolder" value="C:\\Users\\PC\\Desktop\\Katalon Projects\\Orange Web Test Automation\\Reports\\20230301_160933\\Nationalities Suite\\20230301_160933"/>
         <property name="logFiles" value="C:\\Users\\PC\\Desktop\\Katalon Projects\\Orange Web Test Automation\\Reports\\20230301_160933\\Nationalities Suite\\20230301_160933\\execution0.log"/>
         <property name="attachments" value=""/>
         <property name="hostName" value="PC - host.docker.internal"/>
         <property name="os" value="Windows 10 64bit"/>
         <property name="katalonVersion" value="8.5.5.208"/>
         <property name="browser" value="Chrome 110.0.0.0"/>
         <property name="hostAddress" value="192.168.0.23"/>
         <property name="sessionId" value="21f33b22536c041a07342ca9df0caaa0"/>
         <property name="seleniumVersion" value="3.141.59"/>
         <property name="proxyInformation" value="ProxyInformation { proxyOption=NO_PROXY, proxyServerType=HTTP, username=, password=********, proxyServerAddress=, proxyServerPort=0, executionList=&quot;&quot;, isApplyToDesiredCapabilities=true }"/>
         <property name="platform" value="Windows 10"/>
      </properties>
      <testcase name="Test Cases/Admin Page/Nationalities/Add Nationality" time="6.203" classname="Test Cases/Admin Page/Nationalities/Add Nationality" status="SKIPPED">
         <system-out><![CDATA[2023-03-01 16:09:41 - [TEST_CASE][SKIPPED] - Test Cases/Admin Page/Nationalities/Add Nationality: 

2023-03-01 16:09:41 - [TEST_STEP][PASSED] - Start listener action : sampleBeforeTestCase: Current window maximized

2023-03-01 16:09:41 - [TEST_STEP][PASSED] - println(testCaseContext.getTestCaseId()): null

2023-03-01 16:09:41 - [TEST_STEP][PASSED] - println(testCaseContext.getTestCaseVariables()): null

2023-03-01 16:09:41 - [TEST_STEP][PASSED] - listTCs = new java.util.ArrayList(): null

2023-03-01 16:09:41 - [TEST_STEP][PASSED] - listTCs.add("Test Cases/Login/Successfull login attempt"): null

2023-03-01 16:09:41 - [TEST_STEP][PASSED] - listTCs.add("Test Cases/Login/Unsuccessfull login attempt"): null

2023-03-01 16:09:41 - [TEST_STEP][PASSED] - listTCs.add("Test Cases/Login/Reset User Password"): null

2023-03-01 16:09:41 - [TEST_STEP][PASSED] - listTCs.add("Test Cases/Login/Cancel Reset User Password"): null

2023-03-01 16:09:41 - [TEST_STEP][PASSED] - listTCs.add("Test Cases/Login/Social Media Links Verification"): null

2023-03-01 16:09:41 - [TEST_STEP][PASSED] - for (String tc : listTCs): null

2023-03-01 16:09:41 - [TEST_STEP][PASSED] - testCaseContext.skipThisTestCase(): null

2023-03-01 16:09:41 - [TEST_STEP][PASSED] - testCaseContext.skipThisTestCase(): null

2023-03-01 16:09:41 - [TEST_STEP][PASSED] - testCaseContext.skipThisTestCase(): null

2023-03-01 16:09:41 - [TEST_STEP][PASSED] - testCaseContext.skipThisTestCase(): null

2023-03-01 16:09:41 - [TEST_STEP][PASSED] - testCaseContext.skipThisTestCase(): null

2023-03-01 16:09:41 - [TEST_STEP][PASSED] - openBrowser(baseURL): Browser is opened with url: 'https://opensource-demo.orangehrmlive.com/web/index.php/auth/login'

2023-03-01 16:09:42 - [MESSAGE][INFO] - Starting 'Chrome' driver

2023-03-01 16:09:42 - [MESSAGE][INFO] - Action delay is set to 1,000 milliseconds

2023-03-01 16:09:47 - [MESSAGE][PASSED] - Browser is opened with url: 'https://opensource-demo.orangehrmlive.com/web/index.php/auth/login'

2023-03-01 16:09:47 - [TEST_STEP][PASSED] - maximizeWindow(): Current window maximized

2023-03-01 16:09:47 - [MESSAGE][PASSED] - Current window maximized

2023-03-01 16:09:47 - [TEST_STEP][ERROR] - Start listener action : sampleAfterTestCase: groovy.lang.MissingPropertyException: No such property: printtestCaseContext for class: TestListener
	at TestListener.sampleAfterTestCase(TestListener.groovy:54)
	at TestListener.invokeMethod(TestListener.groovy)
	at com.kms.katalon.core.context.internal.TestHooker.invokeMethod(TestHooker.java:111)
	at com.kms.katalon.core.context.internal.TestHooker.lambda$3(TestHooker.java:95)
	at com.kms.katalon.core.context.internal.TestHooker.invokeContextMethods(TestHooker.java:94)
	at com.kms.katalon.core.context.internal.TestListenerCollector.lambda$3(TestListenerCollector.java:88)
	at com.kms.katalon.core.context.internal.TestListenerCollector.handleListenerEvent(TestListenerCollector.java:85)
	at com.kms.katalon.core.context.internal.ExecutionEventManager.publicEvent(ExecutionEventManager.java:36)
	at com.kms.katalon.core.main.TestCaseExecutor.execute(TestCaseExecutor.java:315)
	at com.kms.katalon.core.common.CommonExecutor.accessTestCaseMainPhase(CommonExecutor.java:65)
	at com.kms.katalon.core.main.TestSuiteExecutor.accessTestSuiteMainPhase(TestSuiteExecutor.java:151)
	at com.kms.katalon.core.main.TestSuiteExecutor.execute(TestSuiteExecutor.java:106)
	at com.kms.katalon.core.main.TestCaseMain.startTestSuite(TestCaseMain.java:185)
	at com.kms.katalon.core.main.TestCaseMain$startTestSuite$0.call(Unknown Source)
	at TempTestSuite1677683373899.run(TempTestSuite1677683373899.groovy:36)


2023-03-01 16:09:47 - [TEST_STEP][PASSED] - println(testCaseContext.getTestCaseId() + " - "): null

2023-03-01 16:09:47 - [TEST_STEP][ERROR] - printtestCaseContext.getTestCaseStatus(): groovy.lang.MissingPropertyException: No such property: printtestCaseContext for class: TestListener
	at TestListener.sampleAfterTestCase(TestListener.groovy:54)
	at TestListener.invokeMethod(TestListener.groovy)
	at com.kms.katalon.core.context.internal.TestHooker.invokeMethod(TestHooker.java:111)
	at com.kms.katalon.core.context.internal.TestHooker.lambda$3(TestHooker.java:95)
	at com.kms.katalon.core.context.internal.TestHooker.invokeContextMethods(TestHooker.java:94)
	at com.kms.katalon.core.context.internal.TestListenerCollector.lambda$3(TestListenerCollector.java:88)
	at com.kms.katalon.core.context.internal.TestListenerCollector.handleListenerEvent(TestListenerCollector.java:85)
	at com.kms.katalon.core.context.internal.ExecutionEventManager.publicEvent(ExecutionEventManager.java:36)
	at com.kms.katalon.core.main.TestCaseExecutor.execute(TestCaseExecutor.java:315)
	at com.kms.katalon.core.common.CommonExecutor.accessTestCaseMainPhase(CommonExecutor.java:65)
	at com.kms.katalon.core.main.TestSuiteExecutor.accessTestSuiteMainPhase(TestSuiteExecutor.java:151)
	at com.kms.katalon.core.main.TestSuiteExecutor.execute(TestSuiteExecutor.java:106)
	at com.kms.katalon.core.main.TestCaseMain.startTestSuite(TestCaseMain.java:185)
	at com.kms.katalon.core.main.TestCaseMain$startTestSuite$0.call(Unknown Source)
	at TempTestSuite1677683373899.run(TempTestSuite1677683373899.groovy:36)


2023-03-01 16:09:47 - [MESSAGE][ERROR] - groovy.lang.MissingPropertyException: No such property: printtestCaseContext for class: TestListener
	at TestListener.sampleAfterTestCase(TestListener.groovy:54)
	at TestListener.invokeMethod(TestListener.groovy)
	at com.kms.katalon.core.context.internal.TestHooker.invokeMethod(TestHooker.java:111)
	at com.kms.katalon.core.context.internal.TestHooker.lambda$3(TestHooker.java:95)
	at com.kms.katalon.core.context.internal.TestHooker.invokeContextMethods(TestHooker.java:94)
	at com.kms.katalon.core.context.internal.TestListenerCollector.lambda$3(TestListenerCollector.java:88)
	at com.kms.katalon.core.context.internal.TestListenerCollector.handleListenerEvent(TestListenerCollector.java:85)
	at com.kms.katalon.core.context.internal.ExecutionEventManager.publicEvent(ExecutionEventManager.java:36)
	at com.kms.katalon.core.main.TestCaseExecutor.execute(TestCaseExecutor.java:315)
	at com.kms.katalon.core.common.CommonExecutor.accessTestCaseMainPhase(CommonExecutor.java:65)
	at com.kms.katalon.core.main.TestSuiteExecutor.accessTestSuiteMainPhase(TestSuiteExecutor.java:151)
	at com.kms.katalon.core.main.TestSuiteExecutor.execute(TestSuiteExecutor.java:106)
	at com.kms.katalon.core.main.TestCaseMain.startTestSuite(TestCaseMain.java:185)
	at com.kms.katalon.core.main.TestCaseMain$startTestSuite$0.call(Unknown Source)
	at TempTestSuite1677683373899.run(TempTestSuite1677683373899.groovy:36)]]></system-out>
         <system-err><![CDATA[]]></system-err>
      </testcase>
      <testcase name="Test Cases/Admin Page/Nationalities/Edit Nationality" time="4.862" classname="Test Cases/Admin Page/Nationalities/Edit Nationality" status="SKIPPED">
         <system-out><![CDATA[2023-03-01 16:09:47 - [TEST_CASE][SKIPPED] - Test Cases/Admin Page/Nationalities/Edit Nationality: 

2023-03-01 16:09:47 - [TEST_STEP][PASSED] - Start listener action : sampleBeforeTestCase: Current window maximized

2023-03-01 16:09:47 - [TEST_STEP][PASSED] - println(testCaseContext.getTestCaseId()): null

2023-03-01 16:09:47 - [TEST_STEP][PASSED] - println(testCaseContext.getTestCaseVariables()): null

2023-03-01 16:09:47 - [TEST_STEP][PASSED] - listTCs = new java.util.ArrayList(): null

2023-03-01 16:09:47 - [TEST_STEP][PASSED] - listTCs.add("Test Cases/Login/Successfull login attempt"): null

2023-03-01 16:09:47 - [TEST_STEP][PASSED] - listTCs.add("Test Cases/Login/Unsuccessfull login attempt"): null

2023-03-01 16:09:47 - [TEST_STEP][PASSED] - listTCs.add("Test Cases/Login/Reset User Password"): null

2023-03-01 16:09:47 - [TEST_STEP][PASSED] - listTCs.add("Test Cases/Login/Cancel Reset User Password"): null

2023-03-01 16:09:47 - [TEST_STEP][PASSED] - listTCs.add("Test Cases/Login/Social Media Links Verification"): null

2023-03-01 16:09:47 - [TEST_STEP][PASSED] - for (String tc : listTCs): null

2023-03-01 16:09:47 - [TEST_STEP][PASSED] - testCaseContext.skipThisTestCase(): null

2023-03-01 16:09:47 - [TEST_STEP][PASSED] - testCaseContext.skipThisTestCase(): null

2023-03-01 16:09:47 - [TEST_STEP][PASSED] - testCaseContext.skipThisTestCase(): null

2023-03-01 16:09:47 - [TEST_STEP][PASSED] - testCaseContext.skipThisTestCase(): null

2023-03-01 16:09:47 - [TEST_STEP][PASSED] - testCaseContext.skipThisTestCase(): null

2023-03-01 16:09:47 - [TEST_STEP][PASSED] - openBrowser(baseURL): Browser is opened with url: 'https://opensource-demo.orangehrmlive.com/web/index.php/auth/login'

2023-03-01 16:09:47 - [MESSAGE][WARNING] - A browser is already opened. Closing browser and opening a new one

2023-03-01 16:09:48 - [MESSAGE][INFO] - Starting 'Chrome' driver

2023-03-01 16:09:48 - [MESSAGE][INFO] - Action delay is set to 1,000 milliseconds

2023-03-01 16:09:52 - [MESSAGE][PASSED] - Browser is opened with url: 'https://opensource-demo.orangehrmlive.com/web/index.php/auth/login'

2023-03-01 16:09:52 - [TEST_STEP][PASSED] - maximizeWindow(): Current window maximized

2023-03-01 16:09:52 - [MESSAGE][PASSED] - Current window maximized

2023-03-01 16:09:52 - [TEST_STEP][ERROR] - Start listener action : sampleAfterTestCase: groovy.lang.MissingPropertyException: No such property: printtestCaseContext for class: TestListener
	at TestListener.sampleAfterTestCase(TestListener.groovy:54)
	at TestListener.invokeMethod(TestListener.groovy)
	at com.kms.katalon.core.context.internal.TestHooker.invokeMethod(TestHooker.java:111)
	at com.kms.katalon.core.context.internal.TestHooker.lambda$3(TestHooker.java:95)
	at com.kms.katalon.core.context.internal.TestHooker.invokeContextMethods(TestHooker.java:94)
	at com.kms.katalon.core.context.internal.TestListenerCollector.lambda$3(TestListenerCollector.java:88)
	at com.kms.katalon.core.context.internal.TestListenerCollector.handleListenerEvent(TestListenerCollector.java:85)
	at com.kms.katalon.core.context.internal.ExecutionEventManager.publicEvent(ExecutionEventManager.java:36)
	at com.kms.katalon.core.main.TestCaseExecutor.execute(TestCaseExecutor.java:315)
	at com.kms.katalon.core.common.CommonExecutor.accessTestCaseMainPhase(CommonExecutor.java:65)
	at com.kms.katalon.core.main.TestSuiteExecutor.accessTestSuiteMainPhase(TestSuiteExecutor.java:151)
	at com.kms.katalon.core.main.TestSuiteExecutor.execute(TestSuiteExecutor.java:106)
	at com.kms.katalon.core.main.TestCaseMain.startTestSuite(TestCaseMain.java:185)
	at com.kms.katalon.core.main.TestCaseMain$startTestSuite$0.call(Unknown Source)
	at TempTestSuite1677683373899.run(TempTestSuite1677683373899.groovy:36)


2023-03-01 16:09:52 - [TEST_STEP][PASSED] - println(testCaseContext.getTestCaseId() + " - "): null

2023-03-01 16:09:52 - [TEST_STEP][ERROR] - printtestCaseContext.getTestCaseStatus(): groovy.lang.MissingPropertyException: No such property: printtestCaseContext for class: TestListener
	at TestListener.sampleAfterTestCase(TestListener.groovy:54)
	at TestListener.invokeMethod(TestListener.groovy)
	at com.kms.katalon.core.context.internal.TestHooker.invokeMethod(TestHooker.java:111)
	at com.kms.katalon.core.context.internal.TestHooker.lambda$3(TestHooker.java:95)
	at com.kms.katalon.core.context.internal.TestHooker.invokeContextMethods(TestHooker.java:94)
	at com.kms.katalon.core.context.internal.TestListenerCollector.lambda$3(TestListenerCollector.java:88)
	at com.kms.katalon.core.context.internal.TestListenerCollector.handleListenerEvent(TestListenerCollector.java:85)
	at com.kms.katalon.core.context.internal.ExecutionEventManager.publicEvent(ExecutionEventManager.java:36)
	at com.kms.katalon.core.main.TestCaseExecutor.execute(TestCaseExecutor.java:315)
	at com.kms.katalon.core.common.CommonExecutor.accessTestCaseMainPhase(CommonExecutor.java:65)
	at com.kms.katalon.core.main.TestSuiteExecutor.accessTestSuiteMainPhase(TestSuiteExecutor.java:151)
	at com.kms.katalon.core.main.TestSuiteExecutor.execute(TestSuiteExecutor.java:106)
	at com.kms.katalon.core.main.TestCaseMain.startTestSuite(TestCaseMain.java:185)
	at com.kms.katalon.core.main.TestCaseMain$startTestSuite$0.call(Unknown Source)
	at TempTestSuite1677683373899.run(TempTestSuite1677683373899.groovy:36)


2023-03-01 16:09:52 - [MESSAGE][ERROR] - groovy.lang.MissingPropertyException: No such property: printtestCaseContext for class: TestListener
	at TestListener.sampleAfterTestCase(TestListener.groovy:54)
	at TestListener.invokeMethod(TestListener.groovy)
	at com.kms.katalon.core.context.internal.TestHooker.invokeMethod(TestHooker.java:111)
	at com.kms.katalon.core.context.internal.TestHooker.lambda$3(TestHooker.java:95)
	at com.kms.katalon.core.context.internal.TestHooker.invokeContextMethods(TestHooker.java:94)
	at com.kms.katalon.core.context.internal.TestListenerCollector.lambda$3(TestListenerCollector.java:88)
	at com.kms.katalon.core.context.internal.TestListenerCollector.handleListenerEvent(TestListenerCollector.java:85)
	at com.kms.katalon.core.context.internal.ExecutionEventManager.publicEvent(ExecutionEventManager.java:36)
	at com.kms.katalon.core.main.TestCaseExecutor.execute(TestCaseExecutor.java:315)
	at com.kms.katalon.core.common.CommonExecutor.accessTestCaseMainPhase(CommonExecutor.java:65)
	at com.kms.katalon.core.main.TestSuiteExecutor.accessTestSuiteMainPhase(TestSuiteExecutor.java:151)
	at com.kms.katalon.core.main.TestSuiteExecutor.execute(TestSuiteExecutor.java:106)
	at com.kms.katalon.core.main.TestCaseMain.startTestSuite(TestCaseMain.java:185)
	at com.kms.katalon.core.main.TestCaseMain$startTestSuite$0.call(Unknown Source)
	at TempTestSuite1677683373899.run(TempTestSuite1677683373899.groovy:36)]]></system-out>
         <system-err><![CDATA[]]></system-err>
      </testcase>
      <testcase name="Test Cases/Admin Page/Nationalities/Delete Nationality" time="4.919" classname="Test Cases/Admin Page/Nationalities/Delete Nationality" status="SKIPPED">
         <system-out><![CDATA[2023-03-01 16:09:52 - [TEST_CASE][SKIPPED] - Test Cases/Admin Page/Nationalities/Delete Nationality: 

2023-03-01 16:09:52 - [TEST_STEP][PASSED] - Start listener action : sampleBeforeTestCase: Current window maximized

2023-03-01 16:09:52 - [TEST_STEP][PASSED] - println(testCaseContext.getTestCaseId()): null

2023-03-01 16:09:52 - [TEST_STEP][PASSED] - println(testCaseContext.getTestCaseVariables()): null

2023-03-01 16:09:52 - [TEST_STEP][PASSED] - listTCs = new java.util.ArrayList(): null

2023-03-01 16:09:52 - [TEST_STEP][PASSED] - listTCs.add("Test Cases/Login/Successfull login attempt"): null

2023-03-01 16:09:52 - [TEST_STEP][PASSED] - listTCs.add("Test Cases/Login/Unsuccessfull login attempt"): null

2023-03-01 16:09:52 - [TEST_STEP][PASSED] - listTCs.add("Test Cases/Login/Reset User Password"): null

2023-03-01 16:09:52 - [TEST_STEP][PASSED] - listTCs.add("Test Cases/Login/Cancel Reset User Password"): null

2023-03-01 16:09:52 - [TEST_STEP][PASSED] - listTCs.add("Test Cases/Login/Social Media Links Verification"): null

2023-03-01 16:09:52 - [TEST_STEP][PASSED] - for (String tc : listTCs): null

2023-03-01 16:09:52 - [TEST_STEP][PASSED] - testCaseContext.skipThisTestCase(): null

2023-03-01 16:09:52 - [TEST_STEP][PASSED] - testCaseContext.skipThisTestCase(): null

2023-03-01 16:09:52 - [TEST_STEP][PASSED] - testCaseContext.skipThisTestCase(): null

2023-03-01 16:09:52 - [TEST_STEP][PASSED] - testCaseContext.skipThisTestCase(): null

2023-03-01 16:09:52 - [TEST_STEP][PASSED] - testCaseContext.skipThisTestCase(): null

2023-03-01 16:09:52 - [TEST_STEP][PASSED] - openBrowser(baseURL): Browser is opened with url: 'https://opensource-demo.orangehrmlive.com/web/index.php/auth/login'

2023-03-01 16:09:52 - [MESSAGE][WARNING] - A browser is already opened. Closing browser and opening a new one

2023-03-01 16:09:53 - [MESSAGE][INFO] - Starting 'Chrome' driver

2023-03-01 16:09:53 - [MESSAGE][INFO] - Action delay is set to 1,000 milliseconds

2023-03-01 16:09:57 - [MESSAGE][PASSED] - Browser is opened with url: 'https://opensource-demo.orangehrmlive.com/web/index.php/auth/login'

2023-03-01 16:09:57 - [TEST_STEP][PASSED] - maximizeWindow(): Current window maximized

2023-03-01 16:09:57 - [MESSAGE][PASSED] - Current window maximized

2023-03-01 16:09:57 - [TEST_STEP][ERROR] - Start listener action : sampleAfterTestCase: groovy.lang.MissingPropertyException: No such property: printtestCaseContext for class: TestListener
	at TestListener.sampleAfterTestCase(TestListener.groovy:54)
	at TestListener.invokeMethod(TestListener.groovy)
	at com.kms.katalon.core.context.internal.TestHooker.invokeMethod(TestHooker.java:111)
	at com.kms.katalon.core.context.internal.TestHooker.lambda$3(TestHooker.java:95)
	at com.kms.katalon.core.context.internal.TestHooker.invokeContextMethods(TestHooker.java:94)
	at com.kms.katalon.core.context.internal.TestListenerCollector.lambda$3(TestListenerCollector.java:88)
	at com.kms.katalon.core.context.internal.TestListenerCollector.handleListenerEvent(TestListenerCollector.java:85)
	at com.kms.katalon.core.context.internal.ExecutionEventManager.publicEvent(ExecutionEventManager.java:36)
	at com.kms.katalon.core.main.TestCaseExecutor.execute(TestCaseExecutor.java:315)
	at com.kms.katalon.core.common.CommonExecutor.accessTestCaseMainPhase(CommonExecutor.java:65)
	at com.kms.katalon.core.main.TestSuiteExecutor.accessTestSuiteMainPhase(TestSuiteExecutor.java:151)
	at com.kms.katalon.core.main.TestSuiteExecutor.execute(TestSuiteExecutor.java:106)
	at com.kms.katalon.core.main.TestCaseMain.startTestSuite(TestCaseMain.java:185)
	at com.kms.katalon.core.main.TestCaseMain$startTestSuite$0.call(Unknown Source)
	at TempTestSuite1677683373899.run(TempTestSuite1677683373899.groovy:36)


2023-03-01 16:09:57 - [TEST_STEP][PASSED] - println(testCaseContext.getTestCaseId() + " - "): null

2023-03-01 16:09:57 - [TEST_STEP][ERROR] - printtestCaseContext.getTestCaseStatus(): groovy.lang.MissingPropertyException: No such property: printtestCaseContext for class: TestListener
	at TestListener.sampleAfterTestCase(TestListener.groovy:54)
	at TestListener.invokeMethod(TestListener.groovy)
	at com.kms.katalon.core.context.internal.TestHooker.invokeMethod(TestHooker.java:111)
	at com.kms.katalon.core.context.internal.TestHooker.lambda$3(TestHooker.java:95)
	at com.kms.katalon.core.context.internal.TestHooker.invokeContextMethods(TestHooker.java:94)
	at com.kms.katalon.core.context.internal.TestListenerCollector.lambda$3(TestListenerCollector.java:88)
	at com.kms.katalon.core.context.internal.TestListenerCollector.handleListenerEvent(TestListenerCollector.java:85)
	at com.kms.katalon.core.context.internal.ExecutionEventManager.publicEvent(ExecutionEventManager.java:36)
	at com.kms.katalon.core.main.TestCaseExecutor.execute(TestCaseExecutor.java:315)
	at com.kms.katalon.core.common.CommonExecutor.accessTestCaseMainPhase(CommonExecutor.java:65)
	at com.kms.katalon.core.main.TestSuiteExecutor.accessTestSuiteMainPhase(TestSuiteExecutor.java:151)
	at com.kms.katalon.core.main.TestSuiteExecutor.execute(TestSuiteExecutor.java:106)
	at com.kms.katalon.core.main.TestCaseMain.startTestSuite(TestCaseMain.java:185)
	at com.kms.katalon.core.main.TestCaseMain$startTestSuite$0.call(Unknown Source)
	at TempTestSuite1677683373899.run(TempTestSuite1677683373899.groovy:36)


2023-03-01 16:09:57 - [MESSAGE][ERROR] - groovy.lang.MissingPropertyException: No such property: printtestCaseContext for class: TestListener
	at TestListener.sampleAfterTestCase(TestListener.groovy:54)
	at TestListener.invokeMethod(TestListener.groovy)
	at com.kms.katalon.core.context.internal.TestHooker.invokeMethod(TestHooker.java:111)
	at com.kms.katalon.core.context.internal.TestHooker.lambda$3(TestHooker.java:95)
	at com.kms.katalon.core.context.internal.TestHooker.invokeContextMethods(TestHooker.java:94)
	at com.kms.katalon.core.context.internal.TestListenerCollector.lambda$3(TestListenerCollector.java:88)
	at com.kms.katalon.core.context.internal.TestListenerCollector.handleListenerEvent(TestListenerCollector.java:85)
	at com.kms.katalon.core.context.internal.ExecutionEventManager.publicEvent(ExecutionEventManager.java:36)
	at com.kms.katalon.core.main.TestCaseExecutor.execute(TestCaseExecutor.java:315)
	at com.kms.katalon.core.common.CommonExecutor.accessTestCaseMainPhase(CommonExecutor.java:65)
	at com.kms.katalon.core.main.TestSuiteExecutor.accessTestSuiteMainPhase(TestSuiteExecutor.java:151)
	at com.kms.katalon.core.main.TestSuiteExecutor.execute(TestSuiteExecutor.java:106)
	at com.kms.katalon.core.main.TestCaseMain.startTestSuite(TestCaseMain.java:185)
	at com.kms.katalon.core.main.TestCaseMain$startTestSuite$0.call(Unknown Source)
	at TempTestSuite1677683373899.run(TempTestSuite1677683373899.groovy:36)]]></system-out>
         <system-err><![CDATA[]]></system-err>
      </testcase>
      <system-out><![CDATA[2023-03-01 16:09:41 - [TEST_SUITE][PASSED] - Nationalities Suite:]]></system-out>
      <system-err><![CDATA[]]></system-err>
   </testsuite>
</testsuites>
