<?xml version="1.0" encoding="UTF-8"?>
<testsuites name="Login Test Suite" time="94.089" tests="5" failures="0" errors="0">
   <testsuite name="Login Test Suite" tests="5" failures="0" errors="0" time="94.089" skipped="0" timestamp="2023-03-01 18:05:15" hostname="PC - host.docker.internal" id="Test Suites/Login Test Suite">
      <properties>
         <property name="deviceName" value=""/>
         <property name="devicePlatform" value=""/>
         <property name="logFolder" value="C:\\Users\\PC\\Desktop\\Katalon Projects\\Orange Web Test Automation\\Reports\\20230301_180449\\Login Test Suite\\20230301_180450"/>
         <property name="logFiles" value="C:\\Users\\PC\\Desktop\\Katalon Projects\\Orange Web Test Automation\\Reports\\20230301_180449\\Login Test Suite\\20230301_180450\\execution0.log"/>
         <property name="attachments" value=""/>
         <property name="hostName" value="PC - host.docker.internal"/>
         <property name="os" value="Windows 10 64bit"/>
         <property name="katalonVersion" value="8.5.5.208"/>
         <property name="browser" value="Firefox 110.0"/>
         <property name="hostAddress" value="192.168.0.23"/>
         <property name="sessionId" value="76148f6d-b5e6-459f-ad25-0cdd98f2e45d"/>
         <property name="seleniumVersion" value="3.141.59"/>
         <property name="proxyInformation" value="ProxyInformation { proxyOption=NO_PROXY, proxyServerType=HTTP, username=, password=********, proxyServerAddress=, proxyServerPort=0, executionList=&quot;&quot;, isApplyToDesiredCapabilities=true }"/>
         <property name="platform" value="Windows 10"/>
      </properties>
      <testcase name="Test Cases/Login/Successfull login attempt" time="19.027" classname="Test Cases/Login/Successfull login attempt" status="PASSED">
         <system-out><![CDATA[2023-03-01 18:05:15 - [TEST_CASE][PASSED] - Test Cases/Login/Successfull login attempt: Test Cases/Login/Successfull login attempt

2023-03-01 18:05:15 - [TEST_STEP][PASSED] - Start listener action : sampleBeforeTestCase: Current window maximized

2023-03-01 18:05:15 - [TEST_STEP][PASSED] - println(testCaseContext.getTestCaseId()): null

2023-03-01 18:05:15 - [TEST_STEP][PASSED] - println(testCaseContext.getTestCaseVariables()): null

2023-03-01 18:05:15 - [TEST_STEP][PASSED] - openBrowser(baseURL): Browser is opened with url: 'https://opensource-demo.orangehrmlive.com/web/index.php/auth/login'

2023-03-01 18:05:16 - [MESSAGE][INFO] - Starting 'Firefox' driver

2023-03-01 18:05:16 - [MESSAGE][INFO] - Action delay is set to 1,000 milliseconds

2023-03-01 18:05:24 - [MESSAGE][PASSED] - Browser is opened with url: 'https://opensource-demo.orangehrmlive.com/web/index.php/auth/login'

2023-03-01 18:05:24 - [TEST_STEP][PASSED] - maximizeWindow(): Current window maximized

2023-03-01 18:05:24 - [MESSAGE][PASSED] - Current window maximized

2023-03-01 18:05:25 - [TEST_STEP][PASSED] - sendKeys(findTestObject("Login Page/textbox_Username"), "Admin"): Keys 'Admin' sent to object: 'Object Repository/Login Page/textbox_Username'

2023-03-01 18:05:27 - [MESSAGE][PASSED] - Keys 'Admin' sent to object: 'Object Repository/Login Page/textbox_Username'

2023-03-01 18:05:27 - [TEST_STEP][PASSED] - setEncryptedText(findTestObject("Login Page/textbox_Password"), "hUKwJTbofgPU9eVlw/CnDQ=="): Text ****** has been set on object 'Object Repository/Login Page/textbox_Password'

2023-03-01 18:05:29 - [MESSAGE][PASSED] - Text ****** has been set on object 'Object Repository/Login Page/textbox_Password'

2023-03-01 18:05:29 - [TEST_STEP][PASSED] - click(findTestObject("Login Page/button_Login")): Object: 'Object Repository/Login Page/button_Login' is clicked on

2023-03-01 18:05:32 - [MESSAGE][PASSED] - Object: 'Object Repository/Login Page/button_Login' is clicked on

2023-03-01 18:05:32 - [TEST_STEP][PASSED] - verifyElementPresent(findTestObject("Home Page/dropdown_user_profile"), 10): Object 'Object Repository/Home Page/dropdown_user_profile' is present

2023-03-01 18:05:34 - [MESSAGE][PASSED] - Object 'Object Repository/Home Page/dropdown_user_profile' is present

2023-03-01 18:05:34 - [TEST_STEP][ERROR] - Start listener action : sampleAfterTestCase: groovy.lang.MissingPropertyException: No such property: printtestCaseContext for class: TestListener
	at TestListener.sampleAfterTestCase(TestListener.groovy:45)
	at TestListener.invokeMethod(TestListener.groovy)
	at com.kms.katalon.core.context.internal.TestHooker.invokeMethod(TestHooker.java:111)
	at com.kms.katalon.core.context.internal.TestHooker.lambda$3(TestHooker.java:95)
	at com.kms.katalon.core.context.internal.TestHooker.invokeContextMethods(TestHooker.java:94)
	at com.kms.katalon.core.context.internal.TestListenerCollector.lambda$3(TestListenerCollector.java:88)
	at com.kms.katalon.core.context.internal.TestListenerCollector.handleListenerEvent(TestListenerCollector.java:85)
	at com.kms.katalon.core.context.internal.ExecutionEventManager.publicEvent(ExecutionEventManager.java:36)
	at com.kms.katalon.core.main.TestCaseExecutor.execute(TestCaseExecutor.java:315)
	at com.kms.katalon.core.common.CommonExecutor.accessTestCaseMainPhase(CommonExecutor.java:65)
	at com.kms.katalon.core.main.TestSuiteExecutor.accessTestSuiteMainPhase(TestSuiteExecutor.java:151)
	at com.kms.katalon.core.main.TestSuiteExecutor.execute(TestSuiteExecutor.java:106)
	at com.kms.katalon.core.main.TestCaseMain.startTestSuite(TestCaseMain.java:185)
	at com.kms.katalon.core.main.TestCaseMain$startTestSuite$0.call(Unknown Source)
	at TempTestSuite1677690290717.run(TempTestSuite1677690290717.groovy:36)


2023-03-01 18:05:34 - [TEST_STEP][PASSED] - println(testCaseContext.getTestCaseId() + " - "): null

2023-03-01 18:05:34 - [TEST_STEP][ERROR] - println(printtestCaseContext.getTestCaseStatus()): groovy.lang.MissingPropertyException: No such property: printtestCaseContext for class: TestListener
	at TestListener.sampleAfterTestCase(TestListener.groovy:45)
	at TestListener.invokeMethod(TestListener.groovy)
	at com.kms.katalon.core.context.internal.TestHooker.invokeMethod(TestHooker.java:111)
	at com.kms.katalon.core.context.internal.TestHooker.lambda$3(TestHooker.java:95)
	at com.kms.katalon.core.context.internal.TestHooker.invokeContextMethods(TestHooker.java:94)
	at com.kms.katalon.core.context.internal.TestListenerCollector.lambda$3(TestListenerCollector.java:88)
	at com.kms.katalon.core.context.internal.TestListenerCollector.handleListenerEvent(TestListenerCollector.java:85)
	at com.kms.katalon.core.context.internal.ExecutionEventManager.publicEvent(ExecutionEventManager.java:36)
	at com.kms.katalon.core.main.TestCaseExecutor.execute(TestCaseExecutor.java:315)
	at com.kms.katalon.core.common.CommonExecutor.accessTestCaseMainPhase(CommonExecutor.java:65)
	at com.kms.katalon.core.main.TestSuiteExecutor.accessTestSuiteMainPhase(TestSuiteExecutor.java:151)
	at com.kms.katalon.core.main.TestSuiteExecutor.execute(TestSuiteExecutor.java:106)
	at com.kms.katalon.core.main.TestCaseMain.startTestSuite(TestCaseMain.java:185)
	at com.kms.katalon.core.main.TestCaseMain$startTestSuite$0.call(Unknown Source)
	at TempTestSuite1677690290717.run(TempTestSuite1677690290717.groovy:36)


2023-03-01 18:05:34 - [MESSAGE][ERROR] - groovy.lang.MissingPropertyException: No such property: printtestCaseContext for class: TestListener
	at TestListener.sampleAfterTestCase(TestListener.groovy:45)
	at TestListener.invokeMethod(TestListener.groovy)
	at com.kms.katalon.core.context.internal.TestHooker.invokeMethod(TestHooker.java:111)
	at com.kms.katalon.core.context.internal.TestHooker.lambda$3(TestHooker.java:95)
	at com.kms.katalon.core.context.internal.TestHooker.invokeContextMethods(TestHooker.java:94)
	at com.kms.katalon.core.context.internal.TestListenerCollector.lambda$3(TestListenerCollector.java:88)
	at com.kms.katalon.core.context.internal.TestListenerCollector.handleListenerEvent(TestListenerCollector.java:85)
	at com.kms.katalon.core.context.internal.ExecutionEventManager.publicEvent(ExecutionEventManager.java:36)
	at com.kms.katalon.core.main.TestCaseExecutor.execute(TestCaseExecutor.java:315)
	at com.kms.katalon.core.common.CommonExecutor.accessTestCaseMainPhase(CommonExecutor.java:65)
	at com.kms.katalon.core.main.TestSuiteExecutor.accessTestSuiteMainPhase(TestSuiteExecutor.java:151)
	at com.kms.katalon.core.main.TestSuiteExecutor.execute(TestSuiteExecutor.java:106)
	at com.kms.katalon.core.main.TestCaseMain.startTestSuite(TestCaseMain.java:185)
	at com.kms.katalon.core.main.TestCaseMain$startTestSuite$0.call(Unknown Source)
	at TempTestSuite1677690290717.run(TempTestSuite1677690290717.groovy:36)]]></system-out>
         <system-err><![CDATA[]]></system-err>
      </testcase>
      <testcase name="Test Cases/Login/Unsuccessfull login attempt" time="18.293" classname="Test Cases/Login/Unsuccessfull login attempt" status="PASSED">
         <system-out><![CDATA[2023-03-01 18:05:34 - [TEST_CASE][PASSED] - Test Cases/Login/Unsuccessfull login attempt: Test Cases/Login/Unsuccessfull login attempt

2023-03-01 18:05:34 - [TEST_STEP][PASSED] - Start listener action : sampleBeforeTestCase: Current window maximized

2023-03-01 18:05:34 - [TEST_STEP][PASSED] - println(testCaseContext.getTestCaseId()): null

2023-03-01 18:05:34 - [TEST_STEP][PASSED] - println(testCaseContext.getTestCaseVariables()): null

2023-03-01 18:05:34 - [TEST_STEP][PASSED] - openBrowser(baseURL): Browser is opened with url: 'https://opensource-demo.orangehrmlive.com/web/index.php/auth/login'

2023-03-01 18:05:34 - [MESSAGE][WARNING] - A browser is already opened. Closing browser and opening a new one

2023-03-01 18:05:36 - [MESSAGE][INFO] - Starting 'Firefox' driver

2023-03-01 18:05:36 - [MESSAGE][INFO] - Action delay is set to 1,000 milliseconds

2023-03-01 18:05:43 - [MESSAGE][PASSED] - Browser is opened with url: 'https://opensource-demo.orangehrmlive.com/web/index.php/auth/login'

2023-03-01 18:05:43 - [TEST_STEP][PASSED] - maximizeWindow(): Current window maximized

2023-03-01 18:05:43 - [MESSAGE][PASSED] - Current window maximized

2023-03-01 18:05:44 - [TEST_STEP][PASSED] - sendKeys(findTestObject("Login Page/textbox_Username"), "Admin"): Keys 'Admin' sent to object: 'Object Repository/Login Page/textbox_Username'

2023-03-01 18:05:46 - [MESSAGE][PASSED] - Keys 'Admin' sent to object: 'Object Repository/Login Page/textbox_Username'

2023-03-01 18:05:46 - [TEST_STEP][PASSED] - setEncryptedText(findTestObject("Login Page/textbox_Password"), "1bcgBUi0Tj/gc3uc61HAVQ=="): Text ****** has been set on object 'Object Repository/Login Page/textbox_Password'

2023-03-01 18:05:49 - [MESSAGE][PASSED] - Text ****** has been set on object 'Object Repository/Login Page/textbox_Password'

2023-03-01 18:05:49 - [TEST_STEP][PASSED] - click(findTestObject("Login Page/button_Login")): Object: 'Object Repository/Login Page/button_Login' is clicked on

2023-03-01 18:05:51 - [MESSAGE][PASSED] - Object: 'Object Repository/Login Page/button_Login' is clicked on

2023-03-01 18:05:51 - [TEST_STEP][PASSED] - verifyElementPresent(findTestObject("Login Page/message_Invalid credentials"), 10): Object 'Object Repository/Login Page/message_Invalid credentials' is present

2023-03-01 18:05:52 - [MESSAGE][PASSED] - Object 'Object Repository/Login Page/message_Invalid credentials' is present

2023-03-01 18:05:52 - [TEST_STEP][ERROR] - Start listener action : sampleAfterTestCase: groovy.lang.MissingPropertyException: No such property: printtestCaseContext for class: TestListener
	at TestListener.sampleAfterTestCase(TestListener.groovy:45)
	at TestListener.invokeMethod(TestListener.groovy)
	at com.kms.katalon.core.context.internal.TestHooker.invokeMethod(TestHooker.java:111)
	at com.kms.katalon.core.context.internal.TestHooker.lambda$3(TestHooker.java:95)
	at com.kms.katalon.core.context.internal.TestHooker.invokeContextMethods(TestHooker.java:94)
	at com.kms.katalon.core.context.internal.TestListenerCollector.lambda$3(TestListenerCollector.java:88)
	at com.kms.katalon.core.context.internal.TestListenerCollector.handleListenerEvent(TestListenerCollector.java:85)
	at com.kms.katalon.core.context.internal.ExecutionEventManager.publicEvent(ExecutionEventManager.java:36)
	at com.kms.katalon.core.main.TestCaseExecutor.execute(TestCaseExecutor.java:315)
	at com.kms.katalon.core.common.CommonExecutor.accessTestCaseMainPhase(CommonExecutor.java:65)
	at com.kms.katalon.core.main.TestSuiteExecutor.accessTestSuiteMainPhase(TestSuiteExecutor.java:151)
	at com.kms.katalon.core.main.TestSuiteExecutor.execute(TestSuiteExecutor.java:106)
	at com.kms.katalon.core.main.TestCaseMain.startTestSuite(TestCaseMain.java:185)
	at com.kms.katalon.core.main.TestCaseMain$startTestSuite$0.call(Unknown Source)
	at TempTestSuite1677690290717.run(TempTestSuite1677690290717.groovy:36)


2023-03-01 18:05:52 - [TEST_STEP][PASSED] - println(testCaseContext.getTestCaseId() + " - "): null

2023-03-01 18:05:52 - [TEST_STEP][ERROR] - println(printtestCaseContext.getTestCaseStatus()): groovy.lang.MissingPropertyException: No such property: printtestCaseContext for class: TestListener
	at TestListener.sampleAfterTestCase(TestListener.groovy:45)
	at TestListener.invokeMethod(TestListener.groovy)
	at com.kms.katalon.core.context.internal.TestHooker.invokeMethod(TestHooker.java:111)
	at com.kms.katalon.core.context.internal.TestHooker.lambda$3(TestHooker.java:95)
	at com.kms.katalon.core.context.internal.TestHooker.invokeContextMethods(TestHooker.java:94)
	at com.kms.katalon.core.context.internal.TestListenerCollector.lambda$3(TestListenerCollector.java:88)
	at com.kms.katalon.core.context.internal.TestListenerCollector.handleListenerEvent(TestListenerCollector.java:85)
	at com.kms.katalon.core.context.internal.ExecutionEventManager.publicEvent(ExecutionEventManager.java:36)
	at com.kms.katalon.core.main.TestCaseExecutor.execute(TestCaseExecutor.java:315)
	at com.kms.katalon.core.common.CommonExecutor.accessTestCaseMainPhase(CommonExecutor.java:65)
	at com.kms.katalon.core.main.TestSuiteExecutor.accessTestSuiteMainPhase(TestSuiteExecutor.java:151)
	at com.kms.katalon.core.main.TestSuiteExecutor.execute(TestSuiteExecutor.java:106)
	at com.kms.katalon.core.main.TestCaseMain.startTestSuite(TestCaseMain.java:185)
	at com.kms.katalon.core.main.TestCaseMain$startTestSuite$0.call(Unknown Source)
	at TempTestSuite1677690290717.run(TempTestSuite1677690290717.groovy:36)


2023-03-01 18:05:52 - [MESSAGE][ERROR] - groovy.lang.MissingPropertyException: No such property: printtestCaseContext for class: TestListener
	at TestListener.sampleAfterTestCase(TestListener.groovy:45)
	at TestListener.invokeMethod(TestListener.groovy)
	at com.kms.katalon.core.context.internal.TestHooker.invokeMethod(TestHooker.java:111)
	at com.kms.katalon.core.context.internal.TestHooker.lambda$3(TestHooker.java:95)
	at com.kms.katalon.core.context.internal.TestHooker.invokeContextMethods(TestHooker.java:94)
	at com.kms.katalon.core.context.internal.TestListenerCollector.lambda$3(TestListenerCollector.java:88)
	at com.kms.katalon.core.context.internal.TestListenerCollector.handleListenerEvent(TestListenerCollector.java:85)
	at com.kms.katalon.core.context.internal.ExecutionEventManager.publicEvent(ExecutionEventManager.java:36)
	at com.kms.katalon.core.main.TestCaseExecutor.execute(TestCaseExecutor.java:315)
	at com.kms.katalon.core.common.CommonExecutor.accessTestCaseMainPhase(CommonExecutor.java:65)
	at com.kms.katalon.core.main.TestSuiteExecutor.accessTestSuiteMainPhase(TestSuiteExecutor.java:151)
	at com.kms.katalon.core.main.TestSuiteExecutor.execute(TestSuiteExecutor.java:106)
	at com.kms.katalon.core.main.TestCaseMain.startTestSuite(TestCaseMain.java:185)
	at com.kms.katalon.core.main.TestCaseMain$startTestSuite$0.call(Unknown Source)
	at TempTestSuite1677690290717.run(TempTestSuite1677690290717.groovy:36)]]></system-out>
         <system-err><![CDATA[]]></system-err>
      </testcase>
      <testcase name="Test Cases/Login/Reset User Password" time="17.776" classname="Test Cases/Login/Reset User Password" status="PASSED">
         <system-out><![CDATA[2023-03-01 18:05:52 - [TEST_CASE][PASSED] - Test Cases/Login/Reset User Password: Test Cases/Login/Reset User Password

2023-03-01 18:05:52 - [TEST_STEP][PASSED] - Start listener action : sampleBeforeTestCase: Current window maximized

2023-03-01 18:05:52 - [TEST_STEP][PASSED] - println(testCaseContext.getTestCaseId()): null

2023-03-01 18:05:52 - [TEST_STEP][PASSED] - println(testCaseContext.getTestCaseVariables()): null

2023-03-01 18:05:52 - [TEST_STEP][PASSED] - openBrowser(baseURL): Browser is opened with url: 'https://opensource-demo.orangehrmlive.com/web/index.php/auth/login'

2023-03-01 18:05:52 - [MESSAGE][WARNING] - A browser is already opened. Closing browser and opening a new one

2023-03-01 18:05:53 - [MESSAGE][INFO] - Starting 'Firefox' driver

2023-03-01 18:05:53 - [MESSAGE][INFO] - Action delay is set to 1,000 milliseconds

2023-03-01 18:06:01 - [MESSAGE][PASSED] - Browser is opened with url: 'https://opensource-demo.orangehrmlive.com/web/index.php/auth/login'

2023-03-01 18:06:01 - [TEST_STEP][PASSED] - maximizeWindow(): Current window maximized

2023-03-01 18:06:01 - [MESSAGE][PASSED] - Current window maximized

2023-03-01 18:06:02 - [TEST_STEP][PASSED] - click(findTestObject("Login Page/link_Forgot your password")): Object: 'Object Repository/Login Page/link_Forgot your password' is clicked on

2023-03-01 18:06:04 - [MESSAGE][PASSED] - Object: 'Object Repository/Login Page/link_Forgot your password' is clicked on

2023-03-01 18:06:04 - [TEST_STEP][PASSED] - sendKeys(findTestObject("Reset Password Page/textbox_Username"), "Admin"): Keys 'Admin' sent to object: 'Object Repository/Reset Password Page/textbox_Username'

2023-03-01 18:06:06 - [MESSAGE][PASSED] - Keys 'Admin' sent to object: 'Object Repository/Reset Password Page/textbox_Username'

2023-03-01 18:06:06 - [TEST_STEP][PASSED] - click(findTestObject("Reset Password Page/button_Reset Password")): Object: 'Object Repository/Reset Password Page/button_Reset Password' is clicked on

2023-03-01 18:06:09 - [MESSAGE][PASSED] - Object: 'Object Repository/Reset Password Page/button_Reset Password' is clicked on

2023-03-01 18:06:09 - [TEST_STEP][PASSED] - verifyElementText(findTestObject("Reset Password Page/title_Reset Password link sent successfully"), "Reset Password link sent successfully"): Actual text and expected text of test object 'Object Repository/Reset Password Page/title_Reset Password link sent successfully' are matched.

2023-03-01 18:06:10 - [MESSAGE][PASSED] - Actual text and expected text of test object 'Object Repository/Reset Password Page/title_Reset Password link sent successfully' are matched.

2023-03-01 18:06:10 - [TEST_STEP][ERROR] - Start listener action : sampleAfterTestCase: groovy.lang.MissingPropertyException: No such property: printtestCaseContext for class: TestListener
	at TestListener.sampleAfterTestCase(TestListener.groovy:45)
	at TestListener.invokeMethod(TestListener.groovy)
	at com.kms.katalon.core.context.internal.TestHooker.invokeMethod(TestHooker.java:111)
	at com.kms.katalon.core.context.internal.TestHooker.lambda$3(TestHooker.java:95)
	at com.kms.katalon.core.context.internal.TestHooker.invokeContextMethods(TestHooker.java:94)
	at com.kms.katalon.core.context.internal.TestListenerCollector.lambda$3(TestListenerCollector.java:88)
	at com.kms.katalon.core.context.internal.TestListenerCollector.handleListenerEvent(TestListenerCollector.java:85)
	at com.kms.katalon.core.context.internal.ExecutionEventManager.publicEvent(ExecutionEventManager.java:36)
	at com.kms.katalon.core.main.TestCaseExecutor.execute(TestCaseExecutor.java:315)
	at com.kms.katalon.core.common.CommonExecutor.accessTestCaseMainPhase(CommonExecutor.java:65)
	at com.kms.katalon.core.main.TestSuiteExecutor.accessTestSuiteMainPhase(TestSuiteExecutor.java:151)
	at com.kms.katalon.core.main.TestSuiteExecutor.execute(TestSuiteExecutor.java:106)
	at com.kms.katalon.core.main.TestCaseMain.startTestSuite(TestCaseMain.java:185)
	at com.kms.katalon.core.main.TestCaseMain$startTestSuite$0.call(Unknown Source)
	at TempTestSuite1677690290717.run(TempTestSuite1677690290717.groovy:36)


2023-03-01 18:06:10 - [TEST_STEP][PASSED] - println(testCaseContext.getTestCaseId() + " - "): null

2023-03-01 18:06:10 - [TEST_STEP][ERROR] - println(printtestCaseContext.getTestCaseStatus()): groovy.lang.MissingPropertyException: No such property: printtestCaseContext for class: TestListener
	at TestListener.sampleAfterTestCase(TestListener.groovy:45)
	at TestListener.invokeMethod(TestListener.groovy)
	at com.kms.katalon.core.context.internal.TestHooker.invokeMethod(TestHooker.java:111)
	at com.kms.katalon.core.context.internal.TestHooker.lambda$3(TestHooker.java:95)
	at com.kms.katalon.core.context.internal.TestHooker.invokeContextMethods(TestHooker.java:94)
	at com.kms.katalon.core.context.internal.TestListenerCollector.lambda$3(TestListenerCollector.java:88)
	at com.kms.katalon.core.context.internal.TestListenerCollector.handleListenerEvent(TestListenerCollector.java:85)
	at com.kms.katalon.core.context.internal.ExecutionEventManager.publicEvent(ExecutionEventManager.java:36)
	at com.kms.katalon.core.main.TestCaseExecutor.execute(TestCaseExecutor.java:315)
	at com.kms.katalon.core.common.CommonExecutor.accessTestCaseMainPhase(CommonExecutor.java:65)
	at com.kms.katalon.core.main.TestSuiteExecutor.accessTestSuiteMainPhase(TestSuiteExecutor.java:151)
	at com.kms.katalon.core.main.TestSuiteExecutor.execute(TestSuiteExecutor.java:106)
	at com.kms.katalon.core.main.TestCaseMain.startTestSuite(TestCaseMain.java:185)
	at com.kms.katalon.core.main.TestCaseMain$startTestSuite$0.call(Unknown Source)
	at TempTestSuite1677690290717.run(TempTestSuite1677690290717.groovy:36)


2023-03-01 18:06:10 - [MESSAGE][ERROR] - groovy.lang.MissingPropertyException: No such property: printtestCaseContext for class: TestListener
	at TestListener.sampleAfterTestCase(TestListener.groovy:45)
	at TestListener.invokeMethod(TestListener.groovy)
	at com.kms.katalon.core.context.internal.TestHooker.invokeMethod(TestHooker.java:111)
	at com.kms.katalon.core.context.internal.TestHooker.lambda$3(TestHooker.java:95)
	at com.kms.katalon.core.context.internal.TestHooker.invokeContextMethods(TestHooker.java:94)
	at com.kms.katalon.core.context.internal.TestListenerCollector.lambda$3(TestListenerCollector.java:88)
	at com.kms.katalon.core.context.internal.TestListenerCollector.handleListenerEvent(TestListenerCollector.java:85)
	at com.kms.katalon.core.context.internal.ExecutionEventManager.publicEvent(ExecutionEventManager.java:36)
	at com.kms.katalon.core.main.TestCaseExecutor.execute(TestCaseExecutor.java:315)
	at com.kms.katalon.core.common.CommonExecutor.accessTestCaseMainPhase(CommonExecutor.java:65)
	at com.kms.katalon.core.main.TestSuiteExecutor.accessTestSuiteMainPhase(TestSuiteExecutor.java:151)
	at com.kms.katalon.core.main.TestSuiteExecutor.execute(TestSuiteExecutor.java:106)
	at com.kms.katalon.core.main.TestCaseMain.startTestSuite(TestCaseMain.java:185)
	at com.kms.katalon.core.main.TestCaseMain$startTestSuite$0.call(Unknown Source)
	at TempTestSuite1677690290717.run(TempTestSuite1677690290717.groovy:36)]]></system-out>
         <system-err><![CDATA[]]></system-err>
      </testcase>
      <testcase name="Test Cases/Login/Cancel Reset User Password" time="18.248" classname="Test Cases/Login/Cancel Reset User Password" status="PASSED">
         <system-out><![CDATA[2023-03-01 18:06:10 - [TEST_CASE][PASSED] - Test Cases/Login/Cancel Reset User Password: Test Cases/Login/Cancel Reset User Password

2023-03-01 18:06:10 - [TEST_STEP][PASSED] - Start listener action : sampleBeforeTestCase: Current window maximized

2023-03-01 18:06:10 - [TEST_STEP][PASSED] - println(testCaseContext.getTestCaseId()): null

2023-03-01 18:06:10 - [TEST_STEP][PASSED] - println(testCaseContext.getTestCaseVariables()): null

2023-03-01 18:06:10 - [TEST_STEP][PASSED] - openBrowser(baseURL): Browser is opened with url: 'https://opensource-demo.orangehrmlive.com/web/index.php/auth/login'

2023-03-01 18:06:10 - [MESSAGE][WARNING] - A browser is already opened. Closing browser and opening a new one

2023-03-01 18:06:11 - [MESSAGE][INFO] - Starting 'Firefox' driver

2023-03-01 18:06:11 - [MESSAGE][INFO] - Action delay is set to 1,000 milliseconds

2023-03-01 18:06:19 - [MESSAGE][PASSED] - Browser is opened with url: 'https://opensource-demo.orangehrmlive.com/web/index.php/auth/login'

2023-03-01 18:06:19 - [TEST_STEP][PASSED] - maximizeWindow(): Current window maximized

2023-03-01 18:06:19 - [MESSAGE][PASSED] - Current window maximized

2023-03-01 18:06:20 - [TEST_STEP][PASSED] - click(findTestObject("Login Page/link_Forgot your password")): Object: 'Object Repository/Login Page/link_Forgot your password' is clicked on

2023-03-01 18:06:23 - [MESSAGE][PASSED] - Object: 'Object Repository/Login Page/link_Forgot your password' is clicked on

2023-03-01 18:06:23 - [TEST_STEP][PASSED] - sendKeys(findTestObject("Reset Password Page/textbox_Username"), "Admin"): Keys 'Admin' sent to object: 'Object Repository/Reset Password Page/textbox_Username'

2023-03-01 18:06:24 - [MESSAGE][PASSED] - Keys 'Admin' sent to object: 'Object Repository/Reset Password Page/textbox_Username'

2023-03-01 18:06:24 - [TEST_STEP][PASSED] - click(findTestObject("Reset Password Page/button_Cancel")): Object: 'Object Repository/Reset Password Page/button_Cancel' is clicked on

2023-03-01 18:06:26 - [MESSAGE][PASSED] - Object: 'Object Repository/Reset Password Page/button_Cancel' is clicked on

2023-03-01 18:06:26 - [TEST_STEP][PASSED] - verifyElementPresent(findTestObject("Login Page/textbox_Username"), 10): Object 'Object Repository/Login Page/textbox_Username' is present

2023-03-01 18:06:27 - [MESSAGE][PASSED] - Object 'Object Repository/Login Page/textbox_Username' is present

2023-03-01 18:06:27 - [TEST_STEP][PASSED] - verifyElementPresent(findTestObject("Login Page/textbox_Password"), 10): Object 'Object Repository/Login Page/textbox_Password' is present

2023-03-01 18:06:28 - [MESSAGE][PASSED] - Object 'Object Repository/Login Page/textbox_Password' is present

2023-03-01 18:06:28 - [TEST_STEP][PASSED] - verifyElementPresent(findTestObject("Login Page/button_Login"), 10): Object 'Object Repository/Login Page/button_Login' is present

2023-03-01 18:06:28 - [MESSAGE][PASSED] - Object 'Object Repository/Login Page/button_Login' is present

2023-03-01 18:06:28 - [TEST_STEP][ERROR] - Start listener action : sampleAfterTestCase: groovy.lang.MissingPropertyException: No such property: printtestCaseContext for class: TestListener
	at TestListener.sampleAfterTestCase(TestListener.groovy:45)
	at TestListener.invokeMethod(TestListener.groovy)
	at com.kms.katalon.core.context.internal.TestHooker.invokeMethod(TestHooker.java:111)
	at com.kms.katalon.core.context.internal.TestHooker.lambda$3(TestHooker.java:95)
	at com.kms.katalon.core.context.internal.TestHooker.invokeContextMethods(TestHooker.java:94)
	at com.kms.katalon.core.context.internal.TestListenerCollector.lambda$3(TestListenerCollector.java:88)
	at com.kms.katalon.core.context.internal.TestListenerCollector.handleListenerEvent(TestListenerCollector.java:85)
	at com.kms.katalon.core.context.internal.ExecutionEventManager.publicEvent(ExecutionEventManager.java:36)
	at com.kms.katalon.core.main.TestCaseExecutor.execute(TestCaseExecutor.java:315)
	at com.kms.katalon.core.common.CommonExecutor.accessTestCaseMainPhase(CommonExecutor.java:65)
	at com.kms.katalon.core.main.TestSuiteExecutor.accessTestSuiteMainPhase(TestSuiteExecutor.java:151)
	at com.kms.katalon.core.main.TestSuiteExecutor.execute(TestSuiteExecutor.java:106)
	at com.kms.katalon.core.main.TestCaseMain.startTestSuite(TestCaseMain.java:185)
	at com.kms.katalon.core.main.TestCaseMain$startTestSuite$0.call(Unknown Source)
	at TempTestSuite1677690290717.run(TempTestSuite1677690290717.groovy:36)


2023-03-01 18:06:28 - [TEST_STEP][PASSED] - println(testCaseContext.getTestCaseId() + " - "): null

2023-03-01 18:06:28 - [TEST_STEP][ERROR] - println(printtestCaseContext.getTestCaseStatus()): groovy.lang.MissingPropertyException: No such property: printtestCaseContext for class: TestListener
	at TestListener.sampleAfterTestCase(TestListener.groovy:45)
	at TestListener.invokeMethod(TestListener.groovy)
	at com.kms.katalon.core.context.internal.TestHooker.invokeMethod(TestHooker.java:111)
	at com.kms.katalon.core.context.internal.TestHooker.lambda$3(TestHooker.java:95)
	at com.kms.katalon.core.context.internal.TestHooker.invokeContextMethods(TestHooker.java:94)
	at com.kms.katalon.core.context.internal.TestListenerCollector.lambda$3(TestListenerCollector.java:88)
	at com.kms.katalon.core.context.internal.TestListenerCollector.handleListenerEvent(TestListenerCollector.java:85)
	at com.kms.katalon.core.context.internal.ExecutionEventManager.publicEvent(ExecutionEventManager.java:36)
	at com.kms.katalon.core.main.TestCaseExecutor.execute(TestCaseExecutor.java:315)
	at com.kms.katalon.core.common.CommonExecutor.accessTestCaseMainPhase(CommonExecutor.java:65)
	at com.kms.katalon.core.main.TestSuiteExecutor.accessTestSuiteMainPhase(TestSuiteExecutor.java:151)
	at com.kms.katalon.core.main.TestSuiteExecutor.execute(TestSuiteExecutor.java:106)
	at com.kms.katalon.core.main.TestCaseMain.startTestSuite(TestCaseMain.java:185)
	at com.kms.katalon.core.main.TestCaseMain$startTestSuite$0.call(Unknown Source)
	at TempTestSuite1677690290717.run(TempTestSuite1677690290717.groovy:36)


2023-03-01 18:06:28 - [MESSAGE][ERROR] - groovy.lang.MissingPropertyException: No such property: printtestCaseContext for class: TestListener
	at TestListener.sampleAfterTestCase(TestListener.groovy:45)
	at TestListener.invokeMethod(TestListener.groovy)
	at com.kms.katalon.core.context.internal.TestHooker.invokeMethod(TestHooker.java:111)
	at com.kms.katalon.core.context.internal.TestHooker.lambda$3(TestHooker.java:95)
	at com.kms.katalon.core.context.internal.TestHooker.invokeContextMethods(TestHooker.java:94)
	at com.kms.katalon.core.context.internal.TestListenerCollector.lambda$3(TestListenerCollector.java:88)
	at com.kms.katalon.core.context.internal.TestListenerCollector.handleListenerEvent(TestListenerCollector.java:85)
	at com.kms.katalon.core.context.internal.ExecutionEventManager.publicEvent(ExecutionEventManager.java:36)
	at com.kms.katalon.core.main.TestCaseExecutor.execute(TestCaseExecutor.java:315)
	at com.kms.katalon.core.common.CommonExecutor.accessTestCaseMainPhase(CommonExecutor.java:65)
	at com.kms.katalon.core.main.TestSuiteExecutor.accessTestSuiteMainPhase(TestSuiteExecutor.java:151)
	at com.kms.katalon.core.main.TestSuiteExecutor.execute(TestSuiteExecutor.java:106)
	at com.kms.katalon.core.main.TestCaseMain.startTestSuite(TestCaseMain.java:185)
	at com.kms.katalon.core.main.TestCaseMain$startTestSuite$0.call(Unknown Source)
	at TempTestSuite1677690290717.run(TempTestSuite1677690290717.groovy:36)]]></system-out>
         <system-err><![CDATA[]]></system-err>
      </testcase>
      <testcase name="Test Cases/Login/Social Media Links Verification" time="20.352" classname="Test Cases/Login/Social Media Links Verification" status="PASSED">
         <system-out><![CDATA[2023-03-01 18:06:28 - [TEST_CASE][PASSED] - Test Cases/Login/Social Media Links Verification: Test Cases/Login/Social Media Links Verification

2023-03-01 18:06:28 - [TEST_STEP][PASSED] - Start listener action : sampleBeforeTestCase: Current window maximized

2023-03-01 18:06:28 - [TEST_STEP][PASSED] - println(testCaseContext.getTestCaseId()): null

2023-03-01 18:06:28 - [TEST_STEP][PASSED] - println(testCaseContext.getTestCaseVariables()): null

2023-03-01 18:06:28 - [TEST_STEP][PASSED] - openBrowser(baseURL): Browser is opened with url: 'https://opensource-demo.orangehrmlive.com/web/index.php/auth/login'

2023-03-01 18:06:28 - [MESSAGE][WARNING] - A browser is already opened. Closing browser and opening a new one

2023-03-01 18:06:30 - [MESSAGE][INFO] - Starting 'Firefox' driver

2023-03-01 18:06:30 - [MESSAGE][INFO] - Action delay is set to 1,000 milliseconds

2023-03-01 18:06:40 - [MESSAGE][PASSED] - Browser is opened with url: 'https://opensource-demo.orangehrmlive.com/web/index.php/auth/login'

2023-03-01 18:06:40 - [TEST_STEP][PASSED] - maximizeWindow(): Current window maximized

2023-03-01 18:06:40 - [MESSAGE][PASSED] - Current window maximized

2023-03-01 18:06:41 - [TEST_STEP][PASSED] - waitForPageLoad(10): Wait for page load successfully

2023-03-01 18:06:42 - [MESSAGE][PASSED] - Wait for page load successfully

2023-03-01 18:06:42 - [TEST_STEP][PASSED] - verifyLinksAccessible([social_media_link_1, social_media_link_2, social_media_link_3]): All links are accessible

2023-03-01 18:06:47 - [MESSAGE][INFO] - HAR: C:\Users\PC\Desktop\Katalon Projects\Orange Web Test Automation\Reports\20230301_180449\Login Test Suite\20230301_180450\requests\main\0.har

2023-03-01 18:06:48 - [MESSAGE][PASSED] - Send request successfully

2023-03-01 18:06:48 - [MESSAGE][INFO] - HAR: C:\Users\PC\Desktop\Katalon Projects\Orange Web Test Automation\Reports\20230301_180449\Login Test Suite\20230301_180450\requests\main\1.har

2023-03-01 18:06:48 - [MESSAGE][PASSED] - Send request successfully

2023-03-01 18:06:49 - [MESSAGE][INFO] - HAR: C:\Users\PC\Desktop\Katalon Projects\Orange Web Test Automation\Reports\20230301_180449\Login Test Suite\20230301_180450\requests\main\2.har

2023-03-01 18:06:49 - [MESSAGE][PASSED] - Send request successfully

2023-03-01 18:06:49 - [MESSAGE][PASSED] - All links are accessible

2023-03-01 18:06:49 - [TEST_STEP][ERROR] - Start listener action : sampleAfterTestCase: groovy.lang.MissingPropertyException: No such property: printtestCaseContext for class: TestListener
	at TestListener.sampleAfterTestCase(TestListener.groovy:45)
	at TestListener.invokeMethod(TestListener.groovy)
	at com.kms.katalon.core.context.internal.TestHooker.invokeMethod(TestHooker.java:111)
	at com.kms.katalon.core.context.internal.TestHooker.lambda$3(TestHooker.java:95)
	at com.kms.katalon.core.context.internal.TestHooker.invokeContextMethods(TestHooker.java:94)
	at com.kms.katalon.core.context.internal.TestListenerCollector.lambda$3(TestListenerCollector.java:88)
	at com.kms.katalon.core.context.internal.TestListenerCollector.handleListenerEvent(TestListenerCollector.java:85)
	at com.kms.katalon.core.context.internal.ExecutionEventManager.publicEvent(ExecutionEventManager.java:36)
	at com.kms.katalon.core.main.TestCaseExecutor.execute(TestCaseExecutor.java:315)
	at com.kms.katalon.core.common.CommonExecutor.accessTestCaseMainPhase(CommonExecutor.java:65)
	at com.kms.katalon.core.main.TestSuiteExecutor.accessTestSuiteMainPhase(TestSuiteExecutor.java:151)
	at com.kms.katalon.core.main.TestSuiteExecutor.execute(TestSuiteExecutor.java:106)
	at com.kms.katalon.core.main.TestCaseMain.startTestSuite(TestCaseMain.java:185)
	at com.kms.katalon.core.main.TestCaseMain$startTestSuite$0.call(Unknown Source)
	at TempTestSuite1677690290717.run(TempTestSuite1677690290717.groovy:36)


2023-03-01 18:06:49 - [TEST_STEP][PASSED] - println(testCaseContext.getTestCaseId() + " - "): null

2023-03-01 18:06:49 - [TEST_STEP][ERROR] - println(printtestCaseContext.getTestCaseStatus()): groovy.lang.MissingPropertyException: No such property: printtestCaseContext for class: TestListener
	at TestListener.sampleAfterTestCase(TestListener.groovy:45)
	at TestListener.invokeMethod(TestListener.groovy)
	at com.kms.katalon.core.context.internal.TestHooker.invokeMethod(TestHooker.java:111)
	at com.kms.katalon.core.context.internal.TestHooker.lambda$3(TestHooker.java:95)
	at com.kms.katalon.core.context.internal.TestHooker.invokeContextMethods(TestHooker.java:94)
	at com.kms.katalon.core.context.internal.TestListenerCollector.lambda$3(TestListenerCollector.java:88)
	at com.kms.katalon.core.context.internal.TestListenerCollector.handleListenerEvent(TestListenerCollector.java:85)
	at com.kms.katalon.core.context.internal.ExecutionEventManager.publicEvent(ExecutionEventManager.java:36)
	at com.kms.katalon.core.main.TestCaseExecutor.execute(TestCaseExecutor.java:315)
	at com.kms.katalon.core.common.CommonExecutor.accessTestCaseMainPhase(CommonExecutor.java:65)
	at com.kms.katalon.core.main.TestSuiteExecutor.accessTestSuiteMainPhase(TestSuiteExecutor.java:151)
	at com.kms.katalon.core.main.TestSuiteExecutor.execute(TestSuiteExecutor.java:106)
	at com.kms.katalon.core.main.TestCaseMain.startTestSuite(TestCaseMain.java:185)
	at com.kms.katalon.core.main.TestCaseMain$startTestSuite$0.call(Unknown Source)
	at TempTestSuite1677690290717.run(TempTestSuite1677690290717.groovy:36)


2023-03-01 18:06:49 - [MESSAGE][ERROR] - groovy.lang.MissingPropertyException: No such property: printtestCaseContext for class: TestListener
	at TestListener.sampleAfterTestCase(TestListener.groovy:45)
	at TestListener.invokeMethod(TestListener.groovy)
	at com.kms.katalon.core.context.internal.TestHooker.invokeMethod(TestHooker.java:111)
	at com.kms.katalon.core.context.internal.TestHooker.lambda$3(TestHooker.java:95)
	at com.kms.katalon.core.context.internal.TestHooker.invokeContextMethods(TestHooker.java:94)
	at com.kms.katalon.core.context.internal.TestListenerCollector.lambda$3(TestListenerCollector.java:88)
	at com.kms.katalon.core.context.internal.TestListenerCollector.handleListenerEvent(TestListenerCollector.java:85)
	at com.kms.katalon.core.context.internal.ExecutionEventManager.publicEvent(ExecutionEventManager.java:36)
	at com.kms.katalon.core.main.TestCaseExecutor.execute(TestCaseExecutor.java:315)
	at com.kms.katalon.core.common.CommonExecutor.accessTestCaseMainPhase(CommonExecutor.java:65)
	at com.kms.katalon.core.main.TestSuiteExecutor.accessTestSuiteMainPhase(TestSuiteExecutor.java:151)
	at com.kms.katalon.core.main.TestSuiteExecutor.execute(TestSuiteExecutor.java:106)
	at com.kms.katalon.core.main.TestCaseMain.startTestSuite(TestCaseMain.java:185)
	at com.kms.katalon.core.main.TestCaseMain$startTestSuite$0.call(Unknown Source)
	at TempTestSuite1677690290717.run(TempTestSuite1677690290717.groovy:36)]]></system-out>
         <system-err><![CDATA[]]></system-err>
      </testcase>
      <system-out><![CDATA[2023-03-01 18:05:15 - [TEST_SUITE][PASSED] - Login Test Suite: Test Cases/Login/Social Media Links Verification]]></system-out>
      <system-err><![CDATA[]]></system-err>
   </testsuite>
</testsuites>
